<?xml version="1.0" encoding="UTF-8"?>
<testsuite xmlns:xsi="http://www.w3.org/2001/XMLSchema-instance" xsi:noNamespaceSchemaLocation="https://maven.apache.org/surefire/maven-surefire-plugin/xsd/surefire-test-report-3.0.xsd" version="3.0" name="com.cinebook.CineBookApplicationTests" time="16.768" tests="1" errors="0" skipped="0" failures="0">
  <properties>
[...]
</properties>
  <testcase name="contextLoads" classname="com.cinebook.CineBookApplicationTests" time="0.753">
    <system-out><![CDATA[00:24:32.301 [main] INFO org.springframework.test.context.support.AnnotationConfigContextLoaderUtils -- Could not detect default configuration classes for test class [com.cinebook.CineBookApplicationTests]: CineBookApplicationTests does not declare any static, non-private, non-final, nested classes annotated with @Configuration.
00:24:32.580 [main] INFO org.springframework.boot.test.context.SpringBootTestContextBootstrapper -- Found @SpringBootConfiguration com.cinebook.CineBookApplication for test class com.cinebook.CineBookApplicationTests
00:24:32.948 [main] INFO org.springframework.boot.devtools.restart.RestartApplicationListener -- Restart disabled due to context in which it is running

  .   ____          _            __ _ _
 /\\ / ___'_ __ _ _(_)_ __  __ _ \ \ \ \
( ( )\___ | '_ | '_| | '_ \/ _` | \ \ \ \
 \\/  ___)| |_)| | | | | || (_| |  ) ) ) )
  '  |____| .__|_| |_|_| |_\__, | / / / /
 =========|_|==============|___/=/_/_/_/
 :: Spring Boot ::                (v3.2.0)

2026-04-16T00:24:33.534+05:30  INFO 49364 --- [           main] com.cinebook.CineBookApplicationTests    : Starting CineBookApplicationTests using Java 24.0.2 with PID 49364 (started by 91823 in D:\SEM 6\labs\fs\cinebook-fixed\cinebook)
2026-04-16T00:24:33.536+05:30 DEBUG 49364 --- [           main] com.cinebook.CineBookApplicationTests    : Running with Spring Boot v3.2.0, Spring v6.1.1
2026-04-16T00:24:33.537+05:30  INFO 49364 --- [           main] com.cinebook.CineBookApplicationTests    : No active profile set, falling back to 1 default profile: "default"
2026-04-16T00:24:35.431+05:30  INFO 49364 --- [           main] .s.d.r.c.RepositoryConfigurationDelegate : Bootstrapping Spring Data JPA repositories in DEFAULT mode.
2026-04-16T00:24:35.608+05:30  INFO 49364 --- [           main] .s.d.r.c.RepositoryConfigurationDelegate : Finished Spring Data repository scanning in 159 ms. Found 6 JPA repository interfaces.
2026-04-16T00:24:36.800+05:30  INFO 49364 --- [           main] o.hibernate.jpa.internal.util.LogHelper  : HHH000204: Processing PersistenceUnitInfo [name: default]
2026-04-16T00:24:36.973+05:30  INFO 49364 --- [           main] org.hibernate.Version                    : HHH000412: Hibernate ORM core version 6.3.1.Final
2026-04-16T00:24:37.058+05:30  INFO 49364 --- [           main] o.h.c.internal.RegionFactoryInitiator    : HHH000026: Second-level cache disabled
2026-04-16T00:24:37.678+05:30  INFO 49364 --- [           main] o.s.o.j.p.SpringPersistenceUnitInfo      : No LoadTimeWeaver setup: ignoring JPA class transformer
2026-04-16T00:24:37.736+05:30  INFO 49364 --- [           main] com.zaxxer.hikari.HikariDataSource       : HikariPool-1 - Starting...
2026-04-16T00:24:38.098+05:30  INFO 49364 --- [           main] com.zaxxer.hikari.pool.HikariPool        : HikariPool-1 - Added connection conn0: url=jdbc:h2:mem:testdb user=SA
2026-04-16T00:24:38.101+05:30  INFO 49364 --- [           main] com.zaxxer.hikari.HikariDataSource       : HikariPool-1 - Start completed.
2026-04-16T00:24:38.155+05:30  WARN 49364 --- [           main] org.hibernate.orm.deprecation            : HHH90000025: H2Dialect does not need to be specified explicitly using 'hibernate.dialect' (remove the property setting and it will be selected by default)
2026-04-16T00:24:40.163+05:30  INFO 49364 --- [           main] o.h.e.t.j.p.i.JtaPlatformInitiator       : HHH000489: No JTA platform available (set 'hibernate.transaction.jta.platform' to enable JTA platform integration)
Hibernate: 
    drop table if exists bookings cascade 
Hibernate: 
    drop table if exists halls cascade 
Hibernate: 
    drop table if exists movies cascade 
Hibernate: 
    drop table if exists seats cascade 
Hibernate: 
    drop table if exists showtimes cascade 
Hibernate: 
    drop table if exists users cascade 
Hibernate: 
    create table bookings (
        convenience_fee numeric(10,2),
        discount_amount numeric(10,2),
        final_amount numeric(10,2),
        total_amount numeric(10,2) not null,
        confirmed_at timestamp(6),
        created_at timestamp(6) not null,
        id bigint generated by default as identity,
        showtime_id bigint not null,
        user_id bigint not null,
        booking_code varchar(20) not null unique,
        promo_code varchar(20),
        payment_transaction_id varchar(100),
        payment_method varchar(255) check (payment_method in ('CARD','UPI','NET_BANKING','WALLET')),
        status varchar(255) not null check (status in ('PENDING','CONFIRMED','CANCELLED','EXPIRED')),
        primary key (id)
    )
Hibernate: 
    create table halls (
        active boolean not null,
        seats_per_row integer not null,
        total_capacity integer not null,
        total_rows integer not null,
        id bigint generated by default as identity,
        type varchar(30),
        name varchar(100) not null,
        primary key (id)
    )
Hibernate: 
    create table movies (
        active boolean not null,
        duration_minutes integer not null,
        imdb_rating float(53),
        id bigint generated by default as identity,
        rating varchar(10),
        format varchar(20),
        language varchar(50),
        poster_emoji varchar(50),
        genre varchar(100) not null,
        title varchar(200) not null,
        description TEXT,
        primary key (id)
    )
Hibernate: 
    create table seats (
        seat_number integer not null,
        row_label varchar(5) not null,
        booking_id bigint,
        id bigint generated by default as identity,
        lock_expires_at timestamp(6),
        locked_by_user_id bigint,
        showtime_id bigint not null,
        version bigint,
        seat_code varchar(10) not null,
        seat_type varchar(255) not null check (seat_type in ('STANDARD','PREMIUM')),
        status varchar(255) not null check (status in ('AVAILABLE','LOCKED','BOOKED')),
        primary key (id),
        unique (showtime_id, row_label, seat_number)
    )
Hibernate: 
    create table showtimes (
        active boolean not null,
        premium_price numeric(10,2) not null,
        standard_price numeric(10,2) not null,
        hall_id bigint not null,
        id bigint generated by default as identity,
        movie_id bigint not null,
        show_date_time timestamp(6) not null,
        primary key (id)
    )
Hibernate: 
    create table users (
        created_at timestamp(6) not null,
        id bigint generated by default as identity,
        phone varchar(15),
        name varchar(100) not null,
        email varchar(150) not null unique,
        password varchar(255) not null,
        role varchar(255) not null check (role in ('USER','ADMIN')),
        primary key (id)
    )
Hibernate: 
    alter table if exists bookings 
       add constraint FKc7q4u7vleq90vlvy8c7lmwtyl 
       foreign key (showtime_id) 
       references showtimes
Hibernate: 
    alter table if exists bookings 
       add constraint FKeyog2oic85xg7hsu2je2lx3s6 
       foreign key (user_id) 
       references users
Hibernate: 
    alter table if exists seats 
       add constraint FKku1rurcfuh5d7pve1vsyomxa6 
       foreign key (booking_id) 
       references bookings
Hibernate: 
    alter table if exists seats 
       add constraint FK6dbxmg5urbij4b9km0m0mm8fd 
       foreign key (showtime_id) 
       references showtimes
Hibernate: 
    alter table if exists showtimes 
       add constraint FKqsy0b55f69acjhchd4cdms9fj 
       foreign key (hall_id) 
       references halls
Hibernate: 
    alter table if exists showtimes 
       add constraint FKeltpyuei1d5g3n6ikpsjwwil6 
       foreign key (movie_id) 
       references movies
2026-04-16T00:24:40.315+05:30  INFO 49364 --- [           main] j.LocalContainerEntityManagerFactoryBean : Initialized JPA EntityManagerFactory for persistence unit 'default'
2026-04-16T00:24:41.138+05:30  INFO 49364 --- [           main] o.s.d.j.r.query.QueryEnhancerFactory     : Hibernate is in classpath; If applicable, HQL parser will be used.
2026-04-16T00:24:43.647+05:30  WARN 49364 --- [           main] JpaBaseConfiguration$JpaWebConfiguration : spring.jpa.open-in-view is enabled by default. Therefore, database queries may be performed during view rendering. Explicitly configure spring.jpa.open-in-view to disable this warning
2026-04-16T00:24:43.880+05:30  INFO 49364 --- [           main] o.s.b.a.w.s.WelcomePageHandlerMapping    : Adding welcome page: class path resource [static/index.html]
2026-04-16T00:24:44.346+05:30  INFO 49364 --- [           main] o.s.s.web.DefaultSecurityFilterChain     : Will secure any request with [org.springframework.security.web.session.DisableEncodeUrlFilter@688fa02f, org.springframework.security.web.context.request.async.WebAsyncManagerIntegrationFilter@379445f, org.springframework.security.web.context.SecurityContextHolderFilter@56ddb317, org.springframework.security.web.header.HeaderWriterFilter@700fec90, org.springframework.web.filter.CorsFilter@1f7e6c3a, org.springframework.security.web.authentication.logout.LogoutFilter@729668d7, com.cinebook.security.JwtAuthFilter@76982efa, org.springframework.security.web.savedrequest.RequestCacheAwareFilter@4abc179d, org.springframework.security.web.servletapi.SecurityContextHolderAwareRequestFilter@2fe19bda, org.springframework.security.web.authentication.AnonymousAuthenticationFilter@55024328, org.springframework.security.web.session.SessionManagementFilter@52c14891, org.springframework.security.web.access.ExceptionTranslationFilter@6325a546, org.springframework.security.web.access.intercept.AuthorizationFilter@2579cc85]
2026-04-16T00:24:45.086+05:30  INFO 49364 --- [           main] com.cinebook.CineBookApplicationTests    : Started CineBookApplicationTests in 12.165 seconds (process running for 14.349)
Hibernate: 
    update
        seats 
    set
        status='AVAILABLE',
        locked_by_user_id=null,
        lock_expires_at=null 
    where
        status='LOCKED' 
        and lock_expires_at<?
Hibernate: 
    select
        count(*) 
    from
        movies m1_0
2026-04-16T00:24:45.267+05:30  INFO 49364 --- [           main] com.cinebook.config.DataSeeder           : Seeding database with sample data...
Hibernate: 
    insert 
    into
        users
        (created_at, email, name, password, phone, role, id) 
    values
        (?, ?, ?, ?, ?, ?, default)
Hibernate: 
    insert 
    into
        users
        (created_at, email, name, password, phone, role, id) 
    values
        (?, ?, ?, ?, ?, ?, default)
Hibernate: 
    insert 
    into
        halls
        (active, name, seats_per_row, total_capacity, total_rows, type, id) 
    values
        (?, ?, ?, ?, ?, ?, default)
Hibernate: 
    insert 
    into
        halls
        (active, name, seats_per_row, total_capacity, total_rows, type, id) 
    values
        (?, ?, ?, ?, ?, ?, default)
Hibernate: 
    insert 
    into
        halls
        (active, name, seats_per_row, total_capacity, total_rows, type, id) 
    values
        (?, ?, ?, ?, ?, ?, default)
Hibernate: 
    insert 
    into
        halls
        (active, name, seats_per_row, total_capacity, total_rows, type, id) 
    values
        (?, ?, ?, ?, ?, ?, default)
Hibernate: 
    insert 
    into
        movies
        (active, description, duration_minutes, format, genre, imdb_rating, language, poster_emoji, rating, title, id) 
    values
        (?, ?, ?, ?, ?, ?, ?, ?, ?, ?, default)
Hibernate: 
    insert 
    into
        movies
        (active, description, duration_minutes, format, genre, imdb_rating, language, poster_emoji, rating, title, id) 
    values
        (?, ?, ?, ?, ?, ?, ?, ?, ?, ?, default)
Hibernate: 
    insert 
    into
        movies
        (active, description, duration_minutes, format, genre, imdb_rating, language, poster_emoji, rating, title, id) 
    values
        (?, ?, ?, ?, ?, ?, ?, ?, ?, ?, default)
Hibernate: 
    insert 
    into
        movies
        (active, description, duration_minutes, format, genre, imdb_rating, language, poster_emoji, rating, title, id) 
    values
        (?, ?, ?, ?, ?, ?, ?, ?, ?, ?, default)
Hibernate: 
    insert 
    into
        movies
        (active, description, duration_minutes, format, genre, imdb_rating, language, poster_emoji, rating, title, id) 
    values
        (?, ?, ?, ?, ?, ?, ?, ?, ?, ?, default)
Hibernate: 
    insert 
    into
        movies
        (active, description, duration_minutes, format, genre, imdb_rating, language, poster_emoji, rating, title, id) 
    values
        (?, ?, ?, ?, ?, ?, ?, ?, ?, ?, default)
Hibernate: 
    select
        m1_0.id,
        m1_0.active,
        m1_0.description,
        m1_0.duration_minutes,
        m1_0.format,
        m1_0.genre,
        m1_0.imdb_rating,
        m1_0.language,
        m1_0.poster_emoji,
        m1_0.rating,
        m1_0.title 
    from
        movies m1_0 
    where
        m1_0.id=?
Hibernate: 
    select
        h1_0.id,
        h1_0.active,
        h1_0.name,
        h1_0.seats_per_row,
        h1_0.total_capacity,
        h1_0.total_rows,
        h1_0.type 
    from
        halls h1_0 
    where
        h1_0.id=?
Hibernate: 
    insert 
    into
        showtimes
        (active, hall_id, movie_id, premium_price, show_date_time, standard_price, id) 
    values
        (?, ?, ?, ?, ?, ?, default)
Hibernate: 
    insert 
    into
        seats
        (booking_id, lock_expires_at, locked_by_user_id, row_label, seat_code, seat_number, seat_type, showtime_id, status, version, id) 
    values
        (?, ?, ?, ?, ?, ?, ?, ?, ?, ?, default)
Hibernate: 
    insert 
    into
        seats
        (booking_id, lock_expires_at, locked_by_user_id, row_label, seat_code, seat_number, seat_type, showtime_id, status, version, id) 
    values
        (?, ?, ?, ?, ?, ?, ?, ?, ?, ?, default)
Hibernate: 
    insert 
    into
        seats
        (booking_id, lock_expires_at, locked_by_user_id, row_label, seat_code, seat_number, seat_type, showtime_id, status, version, id) 
    values
        (?, ?, ?, ?, ?, ?, ?, ?, ?, ?, default)
Hibernate: 
    insert 
    into
        seats
        (booking_id, lock_expires_at, locked_by_user_id, row_label, seat_code, seat_number, seat_type, showtime_id, status, version, id) 
    values
        (?, ?, ?, ?, ?, ?, ?, ?, ?, ?, default)
Hibernate: 
    insert 
    into
        seats
        (booking_id, lock_expires_at, locked_by_user_id, row_label, seat_code, seat_number, seat_type, showtime_id, status, version, id) 
    values
        (?, ?, ?, ?, ?, ?, ?, ?, ?, ?, default)
Hibernate: 
    insert 
    into
        seats
        (booking_id, lock_expires_at, locked_by_user_id, row_label, seat_code, seat_number, seat_type, showtime_id, status, version, id) 
    values
        (?, ?, ?, ?, ?, ?, ?, ?, ?, ?, default)
Hibernate: 
    insert 
    into
        seats
        (booking_id, lock_expires_at, locked_by_user_id, row_label, seat_code, seat_number, seat_type, showtime_id, status, version, id) 
    values
        (?, ?, ?, ?, ?, ?, ?, ?, ?, ?, default)
Hibernate: 
    insert 
    into
        seats
        (booking_id, lock_expires_at, locked_by_user_id, row_label, seat_code, seat_number, seat_type, showtime_id, status, version, id) 
    values
        (?, ?, ?, ?, ?, ?, ?, ?, ?, ?, default)
Hibernate: 
    insert 
    into
        seats
        (booking_id, lock_expires_at, locked_by_user_id, row_label, seat_code, seat_number, seat_type, showtime_id, status, version, id) 
    values
        (?, ?, ?, ?, ?, ?, ?, ?, ?, ?, default)
Hibernate: 
    insert 
    into
        seats
        (booking_id, lock_expires_at, locked_by_user_id, row_label, seat_code, seat_number, seat_type, showtime_id, status, version, id) 
    values
        (?, ?, ?, ?, ?, ?, ?, ?, ?, ?, default)
Hibernate: 
    insert 
    into
        seats
        (booking_id, lock_expires_at, locked_by_user_id, row_label, seat_code, seat_number, seat_type, showtime_id, status, version, id) 
    values
        (?, ?, ?, ?, ?, ?, ?, ?, ?, ?, default)
Hibernate: 
    insert 
    into
        seats
        (booking_id, lock_expires_at, locked_by_user_id, row_label, seat_code, seat_number, seat_type, showtime_id, status, version, id) 
    values
        (?, ?, ?, ?, ?, ?, ?, ?, ?, ?, default)
Hibernate: 
    insert 
    into
        seats
        (booking_id, lock_expires_at, locked_by_user_id, row_label, seat_code, seat_number, seat_type, showtime_id, status, version, id) 
    values
        (?, ?, ?, ?, ?, ?, ?, ?, ?, ?, default)
Hibernate: 
    insert 
    into
        seats
        (booking_id, lock_expires_at, locked_by_user_id, row_label, seat_code, seat_number, seat_type, showtime_id, status, version, id) 
    values
        (?, ?, ?, ?, ?, ?, ?, ?, ?, ?, default)
Hibernate: 
    insert 
    into
        seats
        (booking_id, lock_expires_at, locked_by_user_id, row_label, seat_code, seat_number, seat_type, showtime_id, status, version, id) 
    values
        (?, ?, ?, ?, ?, ?, ?, ?, ?, ?, default)
Hibernate: 
    insert 
    into
        seats
        (booking_id, lock_expires_at, locked_by_user_id, row_label, seat_code, seat_number, seat_type, showtime_id, status, version, id) 
    values
        (?, ?, ?, ?, ?, ?, ?, ?, ?, ?, default)
Hibernate: 
    insert 
    into
        seats
        (booking_id, lock_expires_at, locked_by_user_id, row_label, seat_code, seat_number, seat_type, showtime_id, status, version, id) 
    values
        (?, ?, ?, ?, ?, ?, ?, ?, ?, ?, default)
Hibernate: 
    insert 
    into
        seats
        (booking_id, lock_expires_at, locked_by_user_id, row_label, seat_code, seat_number, seat_type, showtime_id, status, version, id) 
    values
        (?, ?, ?, ?, ?, ?, ?, ?, ?, ?, default)
Hibernate: 
    insert 
    into
        seats
        (booking_id, lock_expires_at, locked_by_user_id, row_label, seat_code, seat_number, seat_type, showtime_id, status, version, id) 
    values
        (?, ?, ?, ?, ?, ?, ?, ?, ?, ?, default)
Hibernate: 
    insert 
    into
        seats
        (booking_id, lock_expires_at, locked_by_user_id, row_label, seat_code, seat_number, seat_type, showtime_id, status, version, id) 
    values
        (?, ?, ?, ?, ?, ?, ?, ?, ?, ?, default)
Hibernate: 
    insert 
    into
        seats
        (booking_id, lock_expires_at, locked_by_user_id, row_label, seat_code, seat_number, seat_type, showtime_id, status, version, id) 
    values
        (?, ?, ?, ?, ?, ?, ?, ?, ?, ?, default)
Hibernate: 
    insert 
    into
        seats
        (booking_id, lock_expires_at, locked_by_user_id, row_label, seat_code, seat_number, seat_type, showtime_id, status, version, id) 
    values
        (?, ?, ?, ?, ?, ?, ?, ?, ?, ?, default)
Hibernate: 
    insert 
    into
        seats
        (booking_id, lock_expires_at, locked_by_user_id, row_label, seat_code, seat_number, seat_type, showtime_id, status, version, id) 
    values
        (?, ?, ?, ?, ?, ?, ?, ?, ?, ?, default)
Hibernate: 
    insert 
    into
        seats
        (booking_id, lock_expires_at, locked_by_user_id, row_label, seat_code, seat_number, seat_type, showtime_id, status, version, id) 
    values
        (?, ?, ?, ?, ?, ?, ?, ?, ?, ?, default)
Hibernate: 
    insert 
    into
        seats
        (booking_id, lock_expires_at, locked_by_user_id, row_label, seat_code, seat_number, seat_type, showtime_id, status, version, id) 
    values
        (?, ?, ?, ?, ?, ?, ?, ?, ?, ?, default)
Hibernate: 
    insert 
    into
        seats
        (booking_id, lock_expires_at, locked_by_user_id, row_label, seat_code, seat_number, seat_type, showtime_id, status, version, id) 
    values
        (?, ?, ?, ?, ?, ?, ?, ?, ?, ?, default)
Hibernate: 
    insert 
    into
        seats
        (booking_id, lock_expires_at, locked_by_user_id, row_label, seat_code, seat_number, seat_type, showtime_id, status, version, id) 
    values
        (?, ?, ?, ?, ?, ?, ?, ?, ?, ?, default)
Hibernate: 
    insert 
    into
        seats
        (booking_id, lock_expires_at, locked_by_user_id, row_label, seat_code, seat_number, seat_type, showtime_id, status, version, id) 
    values
        (?, ?, ?, ?, ?, ?, ?, ?, ?, ?, default)
Hibernate: 
    insert 
    into
        seats
        (booking_id, lock_expires_at, locked_by_user_id, row_label, seat_code, seat_number, seat_type, showtime_id, status, version, id) 
    values
        (?, ?, ?, ?, ?, ?, ?, ?, ?, ?, default)
Hibernate: 
    insert 
    into
        seats
        (booking_id, lock_expires_at, locked_by_user_id, row_label, seat_code, seat_number, seat_type, showtime_id, status, version, id) 
    values
        (?, ?, ?, ?, ?, ?, ?, ?, ?, ?, default)
Hibernate: 
    insert 
    into
        seats
        (booking_id, lock_expires_at, locked_by_user_id, row_label, seat_code, seat_number, seat_type, showtime_id, status, version, id) 
    values
        (?, ?, ?, ?, ?, ?, ?, ?, ?, ?, default)
Hibernate: 
    insert 
    into
        seats
        (booking_id, lock_expires_at, locked_by_user_id, row_label, seat_code, seat_number, seat_type, showtime_id, status, version, id) 
    values
        (?, ?, ?, ?, ?, ?, ?, ?, ?, ?, default)
Hibernate: 
    insert 
    into
        seats
        (booking_id, lock_expires_at, locked_by_user_id, row_label, seat_code, seat_number, seat_type, showtime_id, status, version, id) 
    values
        (?, ?, ?, ?, ?, ?, ?, ?, ?, ?, default)
Hibernate: 
    insert 
    into
        seats
        (booking_id, lock_expires_at, locked_by_user_id, row_label, seat_code, seat_number, seat_type, showtime_id, status, version, id) 
    values
        (?, ?, ?, ?, ?, ?, ?, ?, ?, ?, default)
Hibernate: 
    insert 
    into
        seats
        (booking_id, lock_expires_at, locked_by_user_id, row_label, seat_code, seat_number, seat_type, showtime_id, status, version, id) 
    values
        (?, ?, ?, ?, ?, ?, ?, ?, ?, ?, default)
Hibernate: 
    insert 
    into
        seats
        (booking_id, lock_expires_at, locked_by_user_id, row_label, seat_code, seat_number, seat_type, showtime_id, status, version, id) 
    values
        (?, ?, ?, ?, ?, ?, ?, ?, ?, ?, default)
Hibernate: 
    insert 
    into
        seats
        (booking_id, lock_expires_at, locked_by_user_id, row_label, seat_code, seat_number, seat_type, showtime_id, status, version, id) 
    values
        (?, ?, ?, ?, ?, ?, ?, ?, ?, ?, default)
Hibernate: 
    insert 
    into
        seats
        (booking_id, lock_expires_at, locked_by_user_id, row_label, seat_code, seat_number, seat_type, showtime_id, status, version, id) 
    values
        (?, ?, ?, ?, ?, ?, ?, ?, ?, ?, default)
Hibernate: 
    insert 
    into
        seats
        (booking_id, lock_expires_at, locked_by_user_id, row_label, seat_code, seat_number, seat_type, showtime_id, status, version, id) 
    values
        (?, ?, ?, ?, ?, ?, ?, ?, ?, ?, default)
Hibernate: 
    insert 
    into
        seats
        (booking_id, lock_expires_at, locked_by_user_id, row_label, seat_code, seat_number, seat_type, showtime_id, status, version, id) 
    values
        (?, ?, ?, ?, ?, ?, ?, ?, ?, ?, default)
Hibernate: 
    insert 
    into
        seats
        (booking_id, lock_expires_at, locked_by_user_id, row_label, seat_code, seat_number, seat_type, showtime_id, status, version, id) 
    values
        (?, ?, ?, ?, ?, ?, ?, ?, ?, ?, default)
Hibernate: 
    insert 
    into
        seats
        (booking_id, lock_expires_at, locked_by_user_id, row_label, seat_code, seat_number, seat_type, showtime_id, status, version, id) 
    values
        (?, ?, ?, ?, ?, ?, ?, ?, ?, ?, default)
Hibernate: 
    insert 
    into
        seats
        (booking_id, lock_expires_at, locked_by_user_id, row_label, seat_code, seat_number, seat_type, showtime_id, status, version, id) 
    values
        (?, ?, ?, ?, ?, ?, ?, ?, ?, ?, default)
Hibernate: 
    insert 
    into
        seats
        (booking_id, lock_expires_at, locked_by_user_id, row_label, seat_code, seat_number, seat_type, showtime_id, status, version, id) 
    values
        (?, ?, ?, ?, ?, ?, ?, ?, ?, ?, default)
Hibernate: 
    insert 
    into
        seats
        (booking_id, lock_expires_at, locked_by_user_id, row_label, seat_code, seat_number, seat_type, showtime_id, status, version, id) 
    values
        (?, ?, ?, ?, ?, ?, ?, ?, ?, ?, default)
Hibernate: 
    insert 
    into
        seats
        (booking_id, lock_expires_at, locked_by_user_id, row_label, seat_code, seat_number, seat_type, showtime_id, status, version, id) 
    values
        (?, ?, ?, ?, ?, ?, ?, ?, ?, ?, default)
Hibernate: 
    insert 
    into
        seats
        (booking_id, lock_expires_at, locked_by_user_id, row_label, seat_code, seat_number, seat_type, showtime_id, status, version, id) 
    values
        (?, ?, ?, ?, ?, ?, ?, ?, ?, ?, default)
Hibernate: 
    insert 
    into
        seats
        (booking_id, lock_expires_at, locked_by_user_id, row_label, seat_code, seat_number, seat_type, showtime_id, status, version, id) 
    values
        (?, ?, ?, ?, ?, ?, ?, ?, ?, ?, default)
Hibernate: 
    insert 
    into
        seats
        (booking_id, lock_expires_at, locked_by_user_id, row_label, seat_code, seat_number, seat_type, showtime_id, status, version, id) 
    values
        (?, ?, ?, ?, ?, ?, ?, ?, ?, ?, default)
Hibernate: 
    insert 
    into
        seats
        (booking_id, lock_expires_at, locked_by_user_id, row_label, seat_code, seat_number, seat_type, showtime_id, status, version, id) 
    values
        (?, ?, ?, ?, ?, ?, ?, ?, ?, ?, default)
Hibernate: 
    insert 
    into
        seats
        (booking_id, lock_expires_at, locked_by_user_id, row_label, seat_code, seat_number, seat_type, showtime_id, status, version, id) 
    values
        (?, ?, ?, ?, ?, ?, ?, ?, ?, ?, default)
Hibernate: 
    insert 
    into
        seats
        (booking_id, lock_expires_at, locked_by_user_id, row_label, seat_code, seat_number, seat_type, showtime_id, status, version, id) 
    values
        (?, ?, ?, ?, ?, ?, ?, ?, ?, ?, default)
Hibernate: 
    insert 
    into
        seats
        (booking_id, lock_expires_at, locked_by_user_id, row_label, seat_code, seat_number, seat_type, showtime_id, status, version, id) 
    values
        (?, ?, ?, ?, ?, ?, ?, ?, ?, ?, default)
Hibernate: 
    insert 
    into
        seats
        (booking_id, lock_expires_at, locked_by_user_id, row_label, seat_code, seat_number, seat_type, showtime_id, status, version, id) 
    values
        (?, ?, ?, ?, ?, ?, ?, ?, ?, ?, default)
Hibernate: 
    insert 
    into
        seats
        (booking_id, lock_expires_at, locked_by_user_id, row_label, seat_code, seat_number, seat_type, showtime_id, status, version, id) 
    values
        (?, ?, ?, ?, ?, ?, ?, ?, ?, ?, default)
Hibernate: 
    insert 
    into
        seats
        (booking_id, lock_expires_at, locked_by_user_id, row_label, seat_code, seat_number, seat_type, showtime_id, status, version, id) 
    values
        (?, ?, ?, ?, ?, ?, ?, ?, ?, ?, default)
Hibernate: 
    insert 
    into
        seats
        (booking_id, lock_expires_at, locked_by_user_id, row_label, seat_code, seat_number, seat_type, showtime_id, status, version, id) 
    values
        (?, ?, ?, ?, ?, ?, ?, ?, ?, ?, default)
Hibernate: 
    insert 
    into
        seats
        (booking_id, lock_expires_at, locked_by_user_id, row_label, seat_code, seat_number, seat_type, showtime_id, status, version, id) 
    values
        (?, ?, ?, ?, ?, ?, ?, ?, ?, ?, default)
Hibernate: 
    insert 
    into
        seats
        (booking_id, lock_expires_at, locked_by_user_id, row_label, seat_code, seat_number, seat_type, showtime_id, status, version, id) 
    values
        (?, ?, ?, ?, ?, ?, ?, ?, ?, ?, default)
Hibernate: 
    insert 
    into
        seats
        (booking_id, lock_expires_at, locked_by_user_id, row_label, seat_code, seat_number, seat_type, showtime_id, status, version, id) 
    values
        (?, ?, ?, ?, ?, ?, ?, ?, ?, ?, default)
Hibernate: 
    insert 
    into
        seats
        (booking_id, lock_expires_at, locked_by_user_id, row_label, seat_code, seat_number, seat_type, showtime_id, status, version, id) 
    values
        (?, ?, ?, ?, ?, ?, ?, ?, ?, ?, default)
Hibernate: 
    insert 
    into
        seats
        (booking_id, lock_expires_at, locked_by_user_id, row_label, seat_code, seat_number, seat_type, showtime_id, status, version, id) 
    values
        (?, ?, ?, ?, ?, ?, ?, ?, ?, ?, default)
Hibernate: 
    insert 
    into
        seats
        (booking_id, lock_expires_at, locked_by_user_id, row_label, seat_code, seat_number, seat_type, showtime_id, status, version, id) 
    values
        (?, ?, ?, ?, ?, ?, ?, ?, ?, ?, default)
Hibernate: 
    insert 
    into
        seats
        (booking_id, lock_expires_at, locked_by_user_id, row_label, seat_code, seat_number, seat_type, showtime_id, status, version, id) 
    values
        (?, ?, ?, ?, ?, ?, ?, ?, ?, ?, default)
Hibernate: 
    insert 
    into
        seats
        (booking_id, lock_expires_at, locked_by_user_id, row_label, seat_code, seat_number, seat_type, showtime_id, status, version, id) 
    values
        (?, ?, ?, ?, ?, ?, ?, ?, ?, ?, default)
Hibernate: 
    insert 
    into
        seats
        (booking_id, lock_expires_at, locked_by_user_id, row_label, seat_code, seat_number, seat_type, showtime_id, status, version, id) 
    values
        (?, ?, ?, ?, ?, ?, ?, ?, ?, ?, default)
Hibernate: 
    insert 
    into
        seats
        (booking_id, lock_expires_at, locked_by_user_id, row_label, seat_code, seat_number, seat_type, showtime_id, status, version, id) 
    values
        (?, ?, ?, ?, ?, ?, ?, ?, ?, ?, default)
Hibernate: 
    insert 
    into
        seats
        (booking_id, lock_expires_at, locked_by_user_id, row_label, seat_code, seat_number, seat_type, showtime_id, status, version, id) 
    values
        (?, ?, ?, ?, ?, ?, ?, ?, ?, ?, default)
Hibernate: 
    insert 
    into
        seats
        (booking_id, lock_expires_at, locked_by_user_id, row_label, seat_code, seat_number, seat_type, showtime_id, status, version, id) 
    values
        (?, ?, ?, ?, ?, ?, ?, ?, ?, ?, default)
Hibernate: 
    insert 
    into
        seats
        (booking_id, lock_expires_at, locked_by_user_id, row_label, seat_code, seat_number, seat_type, showtime_id, status, version, id) 
    values
        (?, ?, ?, ?, ?, ?, ?, ?, ?, ?, default)
Hibernate: 
    insert 
    into
        seats
        (booking_id, lock_expires_at, locked_by_user_id, row_label, seat_code, seat_number, seat_type, showtime_id, status, version, id) 
    values
        (?, ?, ?, ?, ?, ?, ?, ?, ?, ?, default)
Hibernate: 
    insert 
    into
        seats
        (booking_id, lock_expires_at, locked_by_user_id, row_label, seat_code, seat_number, seat_type, showtime_id, status, version, id) 
    values
        (?, ?, ?, ?, ?, ?, ?, ?, ?, ?, default)
Hibernate: 
    insert 
    into
        seats
        (booking_id, lock_expires_at, locked_by_user_id, row_label, seat_code, seat_number, seat_type, showtime_id, status, version, id) 
    values
        (?, ?, ?, ?, ?, ?, ?, ?, ?, ?, default)
Hibernate: 
    insert 
    into
        seats
        (booking_id, lock_expires_at, locked_by_user_id, row_label, seat_code, seat_number, seat_type, showtime_id, status, version, id) 
    values
        (?, ?, ?, ?, ?, ?, ?, ?, ?, ?, default)
Hibernate: 
    insert 
    into
        seats
        (booking_id, lock_expires_at, locked_by_user_id, row_label, seat_code, seat_number, seat_type, showtime_id, status, version, id) 
    values
        (?, ?, ?, ?, ?, ?, ?, ?, ?, ?, default)
Hibernate: 
    insert 
    into
        seats
        (booking_id, lock_expires_at, locked_by_user_id, row_label, seat_code, seat_number, seat_type, showtime_id, status, version, id) 
    values
        (?, ?, ?, ?, ?, ?, ?, ?, ?, ?, default)
Hibernate: 
    insert 
    into
        seats
        (booking_id, lock_expires_at, locked_by_user_id, row_label, seat_code, seat_number, seat_type, showtime_id, status, version, id) 
    values
        (?, ?, ?, ?, ?, ?, ?, ?, ?, ?, default)
Hibernate: 
    insert 
    into
        seats
        (booking_id, lock_expires_at, locked_by_user_id, row_label, seat_code, seat_number, seat_type, showtime_id, status, version, id) 
    values
        (?, ?, ?, ?, ?, ?, ?, ?, ?, ?, default)
Hibernate: 
    insert 
    into
        seats
        (booking_id, lock_expires_at, locked_by_user_id, row_label, seat_code, seat_number, seat_type, showtime_id, status, version, id) 
    values
        (?, ?, ?, ?, ?, ?, ?, ?, ?, ?, default)
Hibernate: 
    insert 
    into
        seats
        (booking_id, lock_expires_at, locked_by_user_id, row_label, seat_code, seat_number, seat_type, showtime_id, status, version, id) 
    values
        (?, ?, ?, ?, ?, ?, ?, ?, ?, ?, default)
Hibernate: 
    insert 
    into
        seats
        (booking_id, lock_expires_at, locked_by_user_id, row_label, seat_code, seat_number, seat_type, showtime_id, status, version, id) 
    values
        (?, ?, ?, ?, ?, ?, ?, ?, ?, ?, default)
Hibernate: 
    insert 
    into
        seats
        (booking_id, lock_expires_at, locked_by_user_id, row_label, seat_code, seat_number, seat_type, showtime_id, status, version, id) 
    values
        (?, ?, ?, ?, ?, ?, ?, ?, ?, ?, default)
Hibernate: 
    insert 
    into
        seats
        (booking_id, lock_expires_at, locked_by_user_id, row_label, seat_code, seat_number, seat_type, showtime_id, status, version, id) 
    values
        (?, ?, ?, ?, ?, ?, ?, ?, ?, ?, default)
Hibernate: 
    insert 
    into
        seats
        (booking_id, lock_expires_at, locked_by_user_id, row_label, seat_code, seat_number, seat_type, showtime_id, status, version, id) 
    values
        (?, ?, ?, ?, ?, ?, ?, ?, ?, ?, default)
Hibernate: 
    insert 
    into
        seats
        (booking_id, lock_expires_at, locked_by_user_id, row_label, seat_code, seat_number, seat_type, showtime_id, status, version, id) 
    values
        (?, ?, ?, ?, ?, ?, ?, ?, ?, ?, default)
Hibernate: 
    insert 
    into
        seats
        (booking_id, lock_expires_at, locked_by_user_id, row_label, seat_code, seat_number, seat_type, showtime_id, status, version, id) 
    values
        (?, ?, ?, ?, ?, ?, ?, ?, ?, ?, default)
Hibernate: 
    insert 
    into
        seats
        (booking_id, lock_expires_at, locked_by_user_id, row_label, seat_code, seat_number, seat_type, showtime_id, status, version, id) 
    values
        (?, ?, ?, ?, ?, ?, ?, ?, ?, ?, default)
Hibernate: 
    insert 
    into
        seats
        (booking_id, lock_expires_at, locked_by_user_id, row_label, seat_code, seat_number, seat_type, showtime_id, status, version, id) 
    values
        (?, ?, ?, ?, ?, ?, ?, ?, ?, ?, default)
Hibernate: 
    insert 
    into
        seats
        (booking_id, lock_expires_at, locked_by_user_id, row_label, seat_code, seat_number, seat_type, showtime_id, status, version, id) 
    values
        (?, ?, ?, ?, ?, ?, ?, ?, ?, ?, default)
Hibernate: 
    insert 
    into
        seats
        (booking_id, lock_expires_at, locked_by_user_id, row_label, seat_code, seat_number, seat_type, showtime_id, status, version, id) 
    values
        (?, ?, ?, ?, ?, ?, ?, ?, ?, ?, default)
Hibernate: 
    insert 
    into
        seats
        (booking_id, lock_expires_at, locked_by_user_id, row_label, seat_code, seat_number, seat_type, showtime_id, status, version, id) 
    values
        (?, ?, ?, ?, ?, ?, ?, ?, ?, ?, default)
Hibernate: 
    insert 
    into
        seats
        (booking_id, lock_expires_at, locked_by_user_id, row_label, seat_code, seat_number, seat_type, showtime_id, status, version, id) 
    values
        (?, ?, ?, ?, ?, ?, ?, ?, ?, ?, default)
Hibernate: 
    insert 
    into
        seats
        (booking_id, lock_expires_at, locked_by_user_id, row_label, seat_code, seat_number, seat_type, showtime_id, status, version, id) 
    values
        (?, ?, ?, ?, ?, ?, ?, ?, ?, ?, default)
Hibernate: 
    insert 
    into
        seats
        (booking_id, lock_expires_at, locked_by_user_id, row_label, seat_code, seat_number, seat_type, showtime_id, status, version, id) 
    values
        (?, ?, ?, ?, ?, ?, ?, ?, ?, ?, default)
Hibernate: 
    insert 
    into
        seats
        (booking_id, lock_expires_at, locked_by_user_id, row_label, seat_code, seat_number, seat_type, showtime_id, status, version, id) 
    values
        (?, ?, ?, ?, ?, ?, ?, ?, ?, ?, default)
Hibernate: 
    insert 
    into
        seats
        (booking_id, lock_expires_at, locked_by_user_id, row_label, seat_code, seat_number, seat_type, showtime_id, status, version, id) 
    values
        (?, ?, ?, ?, ?, ?, ?, ?, ?, ?, default)
Hibernate: 
    insert 
    into
        seats
        (booking_id, lock_expires_at, locked_by_user_id, row_label, seat_code, seat_number, seat_type, showtime_id, status, version, id) 
    values
        (?, ?, ?, ?, ?, ?, ?, ?, ?, ?, default)
Hibernate: 
    insert 
    into
        seats
        (booking_id, lock_expires_at, locked_by_user_id, row_label, seat_code, seat_number, seat_type, showtime_id, status, version, id) 
    values
        (?, ?, ?, ?, ?, ?, ?, ?, ?, ?, default)
Hibernate: 
    insert 
    into
        seats
        (booking_id, lock_expires_at, locked_by_user_id, row_label, seat_code, seat_number, seat_type, showtime_id, status, version, id) 
    values
        (?, ?, ?, ?, ?, ?, ?, ?, ?, ?, default)
Hibernate: 
    insert 
    into
        seats
        (booking_id, lock_expires_at, locked_by_user_id, row_label, seat_code, seat_number, seat_type, showtime_id, status, version, id) 
    values
        (?, ?, ?, ?, ?, ?, ?, ?, ?, ?, default)
Hibernate: 
    insert 
    into
        seats
        (booking_id, lock_expires_at, locked_by_user_id, row_label, seat_code, seat_number, seat_type, showtime_id, status, version, id) 
    values
        (?, ?, ?, ?, ?, ?, ?, ?, ?, ?, default)
Hibernate: 
    insert 
    into
        seats
        (booking_id, lock_expires_at, locked_by_user_id, row_label, seat_code, seat_number, seat_type, showtime_id, status, version, id) 
    values
        (?, ?, ?, ?, ?, ?, ?, ?, ?, ?, default)
Hibernate: 
    insert 
    into
        seats
        (booking_id, lock_expires_at, locked_by_user_id, row_label, seat_code, seat_number, seat_type, showtime_id, status, version, id) 
    values
        (?, ?, ?, ?, ?, ?, ?, ?, ?, ?, default)
Hibernate: 
    insert 
    into
        seats
        (booking_id, lock_expires_at, locked_by_user_id, row_label, seat_code, seat_number, seat_type, showtime_id, status, version, id) 
    values
        (?, ?, ?, ?, ?, ?, ?, ?, ?, ?, default)
Hibernate: 
    insert 
    into
        seats
        (booking_id, lock_expires_at, locked_by_user_id, row_label, seat_code, seat_number, seat_type, showtime_id, status, version, id) 
    values
        (?, ?, ?, ?, ?, ?, ?, ?, ?, ?, default)
Hibernate: 
    insert 
    into
        seats
        (booking_id, lock_expires_at, locked_by_user_id, row_label, seat_code, seat_number, seat_type, showtime_id, status, version, id) 
    values
        (?, ?, ?, ?, ?, ?, ?, ?, ?, ?, default)
Hibernate: 
    insert 
    into
        seats
        (booking_id, lock_expires_at, locked_by_user_id, row_label, seat_code, seat_number, seat_type, showtime_id, status, version, id) 
    values
        (?, ?, ?, ?, ?, ?, ?, ?, ?, ?, default)
Hibernate: 
    insert 
    into
        seats
        (booking_id, lock_expires_at, locked_by_user_id, row_label, seat_code, seat_number, seat_type, showtime_id, status, version, id) 
    values
        (?, ?, ?, ?, ?, ?, ?, ?, ?, ?, default)
Hibernate: 
    insert 
    into
        seats
        (booking_id, lock_expires_at, locked_by_user_id, row_label, seat_code, seat_number, seat_type, showtime_id, status, version, id) 
    values
        (?, ?, ?, ?, ?, ?, ?, ?, ?, ?, default)
Hibernate: 
    insert 
    into
        seats
        (booking_id, lock_expires_at, locked_by_user_id, row_label, seat_code, seat_number, seat_type, showtime_id, status, version, id) 
    values
        (?, ?, ?, ?, ?, ?, ?, ?, ?, ?, default)
Hibernate: 
    insert 
    into
        seats
        (booking_id, lock_expires_at, locked_by_user_id, row_label, seat_code, seat_number, seat_type, showtime_id, status, version, id) 
    values
        (?, ?, ?, ?, ?, ?, ?, ?, ?, ?, default)
Hibernate: 
    insert 
    into
        seats
        (booking_id, lock_expires_at, locked_by_user_id, row_label, seat_code, seat_number, seat_type, showtime_id, status, version, id) 
    values
        (?, ?, ?, ?, ?, ?, ?, ?, ?, ?, default)
Hibernate: 
    insert 
    into
        seats
        (booking_id, lock_expires_at, locked_by_user_id, row_label, seat_code, seat_number, seat_type, showtime_id, status, version, id) 
    values
        (?, ?, ?, ?, ?, ?, ?, ?, ?, ?, default)
Hibernate: 
    insert 
    into
        seats
        (booking_id, lock_expires_at, locked_by_user_id, row_label, seat_code, seat_number, seat_type, showtime_id, status, version, id) 
    values
        (?, ?, ?, ?, ?, ?, ?, ?, ?, ?, default)
Hibernate: 
    insert 
    into
        seats
        (booking_id, lock_expires_at, locked_by_user_id, row_label, seat_code, seat_number, seat_type, showtime_id, status, version, id) 
    values
        (?, ?, ?, ?, ?, ?, ?, ?, ?, ?, default)
Hibernate: 
    insert 
    into
        seats
        (booking_id, lock_expires_at, locked_by_user_id, row_label, seat_code, seat_number, seat_type, showtime_id, status, version, id) 
    values
        (?, ?, ?, ?, ?, ?, ?, ?, ?, ?, default)
Hibernate: 
    insert 
    into
        seats
        (booking_id, lock_expires_at, locked_by_user_id, row_label, seat_code, seat_number, seat_type, showtime_id, status, version, id) 
    values
        (?, ?, ?, ?, ?, ?, ?, ?, ?, ?, default)
Hibernate: 
    insert 
    into
        seats
        (booking_id, lock_expires_at, locked_by_user_id, row_label, seat_code, seat_number, seat_type, showtime_id, status, version, id) 
    values
        (?, ?, ?, ?, ?, ?, ?, ?, ?, ?, default)
Hibernate: 
    insert 
    into
        seats
        (booking_id, lock_expires_at, locked_by_user_id, row_label, seat_code, seat_number, seat_type, showtime_id, status, version, id) 
    values
        (?, ?, ?, ?, ?, ?, ?, ?, ?, ?, default)
Hibernate: 
    insert 
    into
        seats
        (booking_id, lock_expires_at, locked_by_user_id, row_label, seat_code, seat_number, seat_type, showtime_id, status, version, id) 
    values
        (?, ?, ?, ?, ?, ?, ?, ?, ?, ?, default)
Hibernate: 
    select
        count(s1_0.id) 
    from
        seats s1_0 
    where
        s1_0.showtime_id=? 
        and s1_0.status='AVAILABLE'
Hibernate: 
    select
        m1_0.id,
        m1_0.active,
        m1_0.description,
        m1_0.duration_minutes,
        m1_0.format,
        m1_0.genre,
        m1_0.imdb_rating,
        m1_0.language,
        m1_0.poster_emoji,
        m1_0.rating,
        m1_0.title 
    from
        movies m1_0 
    where
        m1_0.id=?
Hibernate: 
    select
        h1_0.id,
        h1_0.active,
        h1_0.name,
        h1_0.seats_per_row,
        h1_0.total_capacity,
        h1_0.total_rows,
        h1_0.type 
    from
        halls h1_0 
    where
        h1_0.id=?
Hibernate: 
    insert 
    into
        showtimes
        (active, hall_id, movie_id, premium_price, show_date_time, standard_price, id) 
    values
        (?, ?, ?, ?, ?, ?, default)
Hibernate: 
    insert 
    into
        seats
        (booking_id, lock_expires_at, locked_by_user_id, row_label, seat_code, seat_number, seat_type, showtime_id, status, version, id) 
    values
        (?, ?, ?, ?, ?, ?, ?, ?, ?, ?, default)
Hibernate: 
    insert 
    into
        seats
        (booking_id, lock_expires_at, locked_by_user_id, row_label, seat_code, seat_number, seat_type, showtime_id, status, version, id) 
    values
        (?, ?, ?, ?, ?, ?, ?, ?, ?, ?, default)
Hibernate: 
    insert 
    into
        seats
        (booking_id, lock_expires_at, locked_by_user_id, row_label, seat_code, seat_number, seat_type, showtime_id, status, version, id) 
    values
        (?, ?, ?, ?, ?, ?, ?, ?, ?, ?, default)
Hibernate: 
    insert 
    into
        seats
        (booking_id, lock_expires_at, locked_by_user_id, row_label, seat_code, seat_number, seat_type, showtime_id, status, version, id) 
    values
        (?, ?, ?, ?, ?, ?, ?, ?, ?, ?, default)
Hibernate: 
    insert 
    into
        seats
        (booking_id, lock_expires_at, locked_by_user_id, row_label, seat_code, seat_number, seat_type, showtime_id, status, version, id) 
    values
        (?, ?, ?, ?, ?, ?, ?, ?, ?, ?, default)
Hibernate: 
    insert 
    into
        seats
        (booking_id, lock_expires_at, locked_by_user_id, row_label, seat_code, seat_number, seat_type, showtime_id, status, version, id) 
    values
        (?, ?, ?, ?, ?, ?, ?, ?, ?, ?, default)
Hibernate: 
    insert 
    into
        seats
        (booking_id, lock_expires_at, locked_by_user_id, row_label, seat_code, seat_number, seat_type, showtime_id, status, version, id) 
    values
        (?, ?, ?, ?, ?, ?, ?, ?, ?, ?, default)
Hibernate: 
    insert 
    into
        seats
        (booking_id, lock_expires_at, locked_by_user_id, row_label, seat_code, seat_number, seat_type, showtime_id, status, version, id) 
    values
        (?, ?, ?, ?, ?, ?, ?, ?, ?, ?, default)
Hibernate: 
    insert 
    into
        seats
        (booking_id, lock_expires_at, locked_by_user_id, row_label, seat_code, seat_number, seat_type, showtime_id, status, version, id) 
    values
        (?, ?, ?, ?, ?, ?, ?, ?, ?, ?, default)
Hibernate: 
    insert 
    into
        seats
        (booking_id, lock_expires_at, locked_by_user_id, row_label, seat_code, seat_number, seat_type, showtime_id, status, version, id) 
    values
        (?, ?, ?, ?, ?, ?, ?, ?, ?, ?, default)
Hibernate: 
    insert 
    into
        seats
        (booking_id, lock_expires_at, locked_by_user_id, row_label, seat_code, seat_number, seat_type, showtime_id, status, version, id) 
    values
        (?, ?, ?, ?, ?, ?, ?, ?, ?, ?, default)
Hibernate: 
    insert 
    into
        seats
        (booking_id, lock_expires_at, locked_by_user_id, row_label, seat_code, seat_number, seat_type, showtime_id, status, version, id) 
    values
        (?, ?, ?, ?, ?, ?, ?, ?, ?, ?, default)
Hibernate: 
    insert 
    into
        seats
        (booking_id, lock_expires_at, locked_by_user_id, row_label, seat_code, seat_number, seat_type, showtime_id, status, version, id) 
    values
        (?, ?, ?, ?, ?, ?, ?, ?, ?, ?, default)
Hibernate: 
    insert 
    into
        seats
        (booking_id, lock_expires_at, locked_by_user_id, row_label, seat_code, seat_number, seat_type, showtime_id, status, version, id) 
    values
        (?, ?, ?, ?, ?, ?, ?, ?, ?, ?, default)
Hibernate: 
    insert 
    into
        seats
        (booking_id, lock_expires_at, locked_by_user_id, row_label, seat_code, seat_number, seat_type, showtime_id, status, version, id) 
    values
        (?, ?, ?, ?, ?, ?, ?, ?, ?, ?, default)
Hibernate: 
    insert 
    into
        seats
        (booking_id, lock_expires_at, locked_by_user_id, row_label, seat_code, seat_number, seat_type, showtime_id, status, version, id) 
    values
        (?, ?, ?, ?, ?, ?, ?, ?, ?, ?, default)
Hibernate: 
    insert 
    into
        seats
        (booking_id, lock_expires_at, locked_by_user_id, row_label, seat_code, seat_number, seat_type, showtime_id, status, version, id) 
    values
        (?, ?, ?, ?, ?, ?, ?, ?, ?, ?, default)
Hibernate: 
    insert 
    into
        seats
        (booking_id, lock_expires_at, locked_by_user_id, row_label, seat_code, seat_number, seat_type, showtime_id, status, version, id) 
    values
        (?, ?, ?, ?, ?, ?, ?, ?, ?, ?, default)
Hibernate: 
    insert 
    into
        seats
        (booking_id, lock_expires_at, locked_by_user_id, row_label, seat_code, seat_number, seat_type, showtime_id, status, version, id) 
    values
        (?, ?, ?, ?, ?, ?, ?, ?, ?, ?, default)
Hibernate: 
    insert 
    into
        seats
        (booking_id, lock_expires_at, locked_by_user_id, row_label, seat_code, seat_number, seat_type, showtime_id, status, version, id) 
    values
        (?, ?, ?, ?, ?, ?, ?, ?, ?, ?, default)
Hibernate: 
    insert 
    into
        seats
        (booking_id, lock_expires_at, locked_by_user_id, row_label, seat_code, seat_number, seat_type, showtime_id, status, version, id) 
    values
        (?, ?, ?, ?, ?, ?, ?, ?, ?, ?, default)
Hibernate: 
    insert 
    into
        seats
        (booking_id, lock_expires_at, locked_by_user_id, row_label, seat_code, seat_number, seat_type, showtime_id, status, version, id) 
    values
        (?, ?, ?, ?, ?, ?, ?, ?, ?, ?, default)
Hibernate: 
    insert 
    into
        seats
        (booking_id, lock_expires_at, locked_by_user_id, row_label, seat_code, seat_number, seat_type, showtime_id, status, version, id) 
    values
        (?, ?, ?, ?, ?, ?, ?, ?, ?, ?, default)
Hibernate: 
    insert 
    into
        seats
        (booking_id, lock_expires_at, locked_by_user_id, row_label, seat_code, seat_number, seat_type, showtime_id, status, version, id) 
    values
        (?, ?, ?, ?, ?, ?, ?, ?, ?, ?, default)
Hibernate: 
    insert 
    into
        seats
        (booking_id, lock_expires_at, locked_by_user_id, row_label, seat_code, seat_number, seat_type, showtime_id, status, version, id) 
    values
        (?, ?, ?, ?, ?, ?, ?, ?, ?, ?, default)
Hibernate: 
    insert 
    into
        seats
        (booking_id, lock_expires_at, locked_by_user_id, row_label, seat_code, seat_number, seat_type, showtime_id, status, version, id) 
    values
        (?, ?, ?, ?, ?, ?, ?, ?, ?, ?, default)
Hibernate: 
    insert 
    into
        seats
        (booking_id, lock_expires_at, locked_by_user_id, row_label, seat_code, seat_number, seat_type, showtime_id, status, version, id) 
    values
        (?, ?, ?, ?, ?, ?, ?, ?, ?, ?, default)
Hibernate: 
    insert 
    into
        seats
        (booking_id, lock_expires_at, locked_by_user_id, row_label, seat_code, seat_number, seat_type, showtime_id, status, version, id) 
    values
        (?, ?, ?, ?, ?, ?, ?, ?, ?, ?, default)
Hibernate: 
    insert 
    into
        seats
        (booking_id, lock_expires_at, locked_by_user_id, row_label, seat_code, seat_number, seat_type, showtime_id, status, version, id) 
    values
        (?, ?, ?, ?, ?, ?, ?, ?, ?, ?, default)
Hibernate: 
    insert 
    into
        seats
        (booking_id, lock_expires_at, locked_by_user_id, row_label, seat_code, seat_number, seat_type, showtime_id, status, version, id) 
    values
        (?, ?, ?, ?, ?, ?, ?, ?, ?, ?, default)
Hibernate: 
    insert 
    into
        seats
        (booking_id, lock_expires_at, locked_by_user_id, row_label, seat_code, seat_number, seat_type, showtime_id, status, version, id) 
    values
        (?, ?, ?, ?, ?, ?, ?, ?, ?, ?, default)
Hibernate: 
    insert 
    into
        seats
        (booking_id, lock_expires_at, locked_by_user_id, row_label, seat_code, seat_number, seat_type, showtime_id, status, version, id) 
    values
        (?, ?, ?, ?, ?, ?, ?, ?, ?, ?, default)
Hibernate: 
    insert 
    into
        seats
        (booking_id, lock_expires_at, locked_by_user_id, row_label, seat_code, seat_number, seat_type, showtime_id, status, version, id) 
    values
        (?, ?, ?, ?, ?, ?, ?, ?, ?, ?, default)
Hibernate: 
    insert 
    into
        seats
        (booking_id, lock_expires_at, locked_by_user_id, row_label, seat_code, seat_number, seat_type, showtime_id, status, version, id) 
    values
        (?, ?, ?, ?, ?, ?, ?, ?, ?, ?, default)
Hibernate: 
    insert 
    into
        seats
        (booking_id, lock_expires_at, locked_by_user_id, row_label, seat_code, seat_number, seat_type, showtime_id, status, version, id) 
    values
        (?, ?, ?, ?, ?, ?, ?, ?, ?, ?, default)
Hibernate: 
    insert 
    into
        seats
        (booking_id, lock_expires_at, locked_by_user_id, row_label, seat_code, seat_number, seat_type, showtime_id, status, version, id) 
    values
        (?, ?, ?, ?, ?, ?, ?, ?, ?, ?, default)
Hibernate: 
    insert 
    into
        seats
        (booking_id, lock_expires_at, locked_by_user_id, row_label, seat_code, seat_number, seat_type, showtime_id, status, version, id) 
    values
        (?, ?, ?, ?, ?, ?, ?, ?, ?, ?, default)
Hibernate: 
    insert 
    into
        seats
        (booking_id, lock_expires_at, locked_by_user_id, row_label, seat_code, seat_number, seat_type, showtime_id, status, version, id) 
    values
        (?, ?, ?, ?, ?, ?, ?, ?, ?, ?, default)
Hibernate: 
    insert 
    into
        seats
        (booking_id, lock_expires_at, locked_by_user_id, row_label, seat_code, seat_number, seat_type, showtime_id, status, version, id) 
    values
        (?, ?, ?, ?, ?, ?, ?, ?, ?, ?, default)
Hibernate: 
    insert 
    into
        seats
        (booking_id, lock_expires_at, locked_by_user_id, row_label, seat_code, seat_number, seat_type, showtime_id, status, version, id) 
    values
        (?, ?, ?, ?, ?, ?, ?, ?, ?, ?, default)
Hibernate: 
    insert 
    into
        seats
        (booking_id, lock_expires_at, locked_by_user_id, row_label, seat_code, seat_number, seat_type, showtime_id, status, version, id) 
    values
        (?, ?, ?, ?, ?, ?, ?, ?, ?, ?, default)
Hibernate: 
    insert 
    into
        seats
        (booking_id, lock_expires_at, locked_by_user_id, row_label, seat_code, seat_number, seat_type, showtime_id, status, version, id) 
    values
        (?, ?, ?, ?, ?, ?, ?, ?, ?, ?, default)
Hibernate: 
    insert 
    into
        seats
        (booking_id, lock_expires_at, locked_by_user_id, row_label, seat_code, seat_number, seat_type, showtime_id, status, version, id) 
    values
        (?, ?, ?, ?, ?, ?, ?, ?, ?, ?, default)
Hibernate: 
    insert 
    into
        seats
        (booking_id, lock_expires_at, locked_by_user_id, row_label, seat_code, seat_number, seat_type, showtime_id, status, version, id) 
    values
        (?, ?, ?, ?, ?, ?, ?, ?, ?, ?, default)
Hibernate: 
    insert 
    into
        seats
        (booking_id, lock_expires_at, locked_by_user_id, row_label, seat_code, seat_number, seat_type, showtime_id, status, version, id) 
    values
        (?, ?, ?, ?, ?, ?, ?, ?, ?, ?, default)
Hibernate: 
    insert 
    into
        seats
        (booking_id, lock_expires_at, locked_by_user_id, row_label, seat_code, seat_number, seat_type, showtime_id, status, version, id) 
    values
        (?, ?, ?, ?, ?, ?, ?, ?, ?, ?, default)
Hibernate: 
    insert 
    into
        seats
        (booking_id, lock_expires_at, locked_by_user_id, row_label, seat_code, seat_number, seat_type, showtime_id, status, version, id) 
    values
        (?, ?, ?, ?, ?, ?, ?, ?, ?, ?, default)
Hibernate: 
    insert 
    into
        seats
        (booking_id, lock_expires_at, locked_by_user_id, row_label, seat_code, seat_number, seat_type, showtime_id, status, version, id) 
    values
        (?, ?, ?, ?, ?, ?, ?, ?, ?, ?, default)
Hibernate: 
    insert 
    into
        seats
        (booking_id, lock_expires_at, locked_by_user_id, row_label, seat_code, seat_number, seat_type, showtime_id, status, version, id) 
    values
        (?, ?, ?, ?, ?, ?, ?, ?, ?, ?, default)
Hibernate: 
    insert 
    into
        seats
        (booking_id, lock_expires_at, locked_by_user_id, row_label, seat_code, seat_number, seat_type, showtime_id, status, version, id) 
    values
        (?, ?, ?, ?, ?, ?, ?, ?, ?, ?, default)
Hibernate: 
    insert 
    into
        seats
        (booking_id, lock_expires_at, locked_by_user_id, row_label, seat_code, seat_number, seat_type, showtime_id, status, version, id) 
    values
        (?, ?, ?, ?, ?, ?, ?, ?, ?, ?, default)
Hibernate: 
    insert 
    into
        seats
        (booking_id, lock_expires_at, locked_by_user_id, row_label, seat_code, seat_number, seat_type, showtime_id, status, version, id) 
    values
        (?, ?, ?, ?, ?, ?, ?, ?, ?, ?, default)
Hibernate: 
    insert 
    into
        seats
        (booking_id, lock_expires_at, locked_by_user_id, row_label, seat_code, seat_number, seat_type, showtime_id, status, version, id) 
    values
        (?, ?, ?, ?, ?, ?, ?, ?, ?, ?, default)
Hibernate: 
    insert 
    into
        seats
        (booking_id, lock_expires_at, locked_by_user_id, row_label, seat_code, seat_number, seat_type, showtime_id, status, version, id) 
    values
        (?, ?, ?, ?, ?, ?, ?, ?, ?, ?, default)
Hibernate: 
    insert 
    into
        seats
        (booking_id, lock_expires_at, locked_by_user_id, row_label, seat_code, seat_number, seat_type, showtime_id, status, version, id) 
    values
        (?, ?, ?, ?, ?, ?, ?, ?, ?, ?, default)
Hibernate: 
    insert 
    into
        seats
        (booking_id, lock_expires_at, locked_by_user_id, row_label, seat_code, seat_number, seat_type, showtime_id, status, version, id) 
    values
        (?, ?, ?, ?, ?, ?, ?, ?, ?, ?, default)
Hibernate: 
    insert 
    into
        seats
        (booking_id, lock_expires_at, locked_by_user_id, row_label, seat_code, seat_number, seat_type, showtime_id, status, version, id) 
    values
        (?, ?, ?, ?, ?, ?, ?, ?, ?, ?, default)
Hibernate: 
    insert 
    into
        seats
        (booking_id, lock_expires_at, locked_by_user_id, row_label, seat_code, seat_number, seat_type, showtime_id, status, version, id) 
    values
        (?, ?, ?, ?, ?, ?, ?, ?, ?, ?, default)
Hibernate: 
    insert 
    into
        seats
        (booking_id, lock_expires_at, locked_by_user_id, row_label, seat_code, seat_number, seat_type, showtime_id, status, version, id) 
    values
        (?, ?, ?, ?, ?, ?, ?, ?, ?, ?, default)
Hibernate: 
    insert 
    into
        seats
        (booking_id, lock_expires_at, locked_by_user_id, row_label, seat_code, seat_number, seat_type, showtime_id, status, version, id) 
    values
        (?, ?, ?, ?, ?, ?, ?, ?, ?, ?, default)
Hibernate: 
    insert 
    into
        seats
        (booking_id, lock_expires_at, locked_by_user_id, row_label, seat_code, seat_number, seat_type, showtime_id, status, version, id) 
    values
        (?, ?, ?, ?, ?, ?, ?, ?, ?, ?, default)
Hibernate: 
    insert 
    into
        seats
        (booking_id, lock_expires_at, locked_by_user_id, row_label, seat_code, seat_number, seat_type, showtime_id, status, version, id) 
    values
        (?, ?, ?, ?, ?, ?, ?, ?, ?, ?, default)
Hibernate: 
    insert 
    into
        seats
        (booking_id, lock_expires_at, locked_by_user_id, row_label, seat_code, seat_number, seat_type, showtime_id, status, version, id) 
    values
        (?, ?, ?, ?, ?, ?, ?, ?, ?, ?, default)
Hibernate: 
    insert 
    into
        seats
        (booking_id, lock_expires_at, locked_by_user_id, row_label, seat_code, seat_number, seat_type, showtime_id, status, version, id) 
    values
        (?, ?, ?, ?, ?, ?, ?, ?, ?, ?, default)
Hibernate: 
    insert 
    into
        seats
        (booking_id, lock_expires_at, locked_by_user_id, row_label, seat_code, seat_number, seat_type, showtime_id, status, version, id) 
    values
        (?, ?, ?, ?, ?, ?, ?, ?, ?, ?, default)
Hibernate: 
    insert 
    into
        seats
        (booking_id, lock_expires_at, locked_by_user_id, row_label, seat_code, seat_number, seat_type, showtime_id, status, version, id) 
    values
        (?, ?, ?, ?, ?, ?, ?, ?, ?, ?, default)
Hibernate: 
    insert 
    into
        seats
        (booking_id, lock_expires_at, locked_by_user_id, row_label, seat_code, seat_number, seat_type, showtime_id, status, version, id) 
    values
        (?, ?, ?, ?, ?, ?, ?, ?, ?, ?, default)
Hibernate: 
    insert 
    into
        seats
        (booking_id, lock_expires_at, locked_by_user_id, row_label, seat_code, seat_number, seat_type, showtime_id, status, version, id) 
    values
        (?, ?, ?, ?, ?, ?, ?, ?, ?, ?, default)
Hibernate: 
    insert 
    into
        seats
        (booking_id, lock_expires_at, locked_by_user_id, row_label, seat_code, seat_number, seat_type, showtime_id, status, version, id) 
    values
        (?, ?, ?, ?, ?, ?, ?, ?, ?, ?, default)
Hibernate: 
    insert 
    into
        seats
        (booking_id, lock_expires_at, locked_by_user_id, row_label, seat_code, seat_number, seat_type, showtime_id, status, version, id) 
    values
        (?, ?, ?, ?, ?, ?, ?, ?, ?, ?, default)
Hibernate: 
    insert 
    into
        seats
        (booking_id, lock_expires_at, locked_by_user_id, row_label, seat_code, seat_number, seat_type, showtime_id, status, version, id) 
    values
        (?, ?, ?, ?, ?, ?, ?, ?, ?, ?, default)
Hibernate: 
    insert 
    into
        seats
        (booking_id, lock_expires_at, locked_by_user_id, row_label, seat_code, seat_number, seat_type, showtime_id, status, version, id) 
    values
        (?, ?, ?, ?, ?, ?, ?, ?, ?, ?, default)
Hibernate: 
    insert 
    into
        seats
        (booking_id, lock_expires_at, locked_by_user_id, row_label, seat_code, seat_number, seat_type, showtime_id, status, version, id) 
    values
        (?, ?, ?, ?, ?, ?, ?, ?, ?, ?, default)
Hibernate: 
    insert 
    into
        seats
        (booking_id, lock_expires_at, locked_by_user_id, row_label, seat_code, seat_number, seat_type, showtime_id, status, version, id) 
    values
        (?, ?, ?, ?, ?, ?, ?, ?, ?, ?, default)
Hibernate: 
    insert 
    into
        seats
        (booking_id, lock_expires_at, locked_by_user_id, row_label, seat_code, seat_number, seat_type, showtime_id, status, version, id) 
    values
        (?, ?, ?, ?, ?, ?, ?, ?, ?, ?, default)
Hibernate: 
    insert 
    into
        seats
        (booking_id, lock_expires_at, locked_by_user_id, row_label, seat_code, seat_number, seat_type, showtime_id, status, version, id) 
    values
        (?, ?, ?, ?, ?, ?, ?, ?, ?, ?, default)
Hibernate: 
    insert 
    into
        seats
        (booking_id, lock_expires_at, locked_by_user_id, row_label, seat_code, seat_number, seat_type, showtime_id, status, version, id) 
    values
        (?, ?, ?, ?, ?, ?, ?, ?, ?, ?, default)
Hibernate: 
    insert 
    into
        seats
        (booking_id, lock_expires_at, locked_by_user_id, row_label, seat_code, seat_number, seat_type, showtime_id, status, version, id) 
    values
        (?, ?, ?, ?, ?, ?, ?, ?, ?, ?, default)
Hibernate: 
    insert 
    into
        seats
        (booking_id, lock_expires_at, locked_by_user_id, row_label, seat_code, seat_number, seat_type, showtime_id, status, version, id) 
    values
        (?, ?, ?, ?, ?, ?, ?, ?, ?, ?, default)
Hibernate: 
    insert 
    into
        seats
        (booking_id, lock_expires_at, locked_by_user_id, row_label, seat_code, seat_number, seat_type, showtime_id, status, version, id) 
    values
        (?, ?, ?, ?, ?, ?, ?, ?, ?, ?, default)
Hibernate: 
    insert 
    into
        seats
        (booking_id, lock_expires_at, locked_by_user_id, row_label, seat_code, seat_number, seat_type, showtime_id, status, version, id) 
    values
        (?, ?, ?, ?, ?, ?, ?, ?, ?, ?, default)
Hibernate: 
    insert 
    into
        seats
        (booking_id, lock_expires_at, locked_by_user_id, row_label, seat_code, seat_number, seat_type, showtime_id, status, version, id) 
    values
        (?, ?, ?, ?, ?, ?, ?, ?, ?, ?, default)
Hibernate: 
    insert 
    into
        seats
        (booking_id, lock_expires_at, locked_by_user_id, row_label, seat_code, seat_number, seat_type, showtime_id, status, version, id) 
    values
        (?, ?, ?, ?, ?, ?, ?, ?, ?, ?, default)
Hibernate: 
    insert 
    into
        seats
        (booking_id, lock_expires_at, locked_by_user_id, row_label, seat_code, seat_number, seat_type, showtime_id, status, version, id) 
    values
        (?, ?, ?, ?, ?, ?, ?, ?, ?, ?, default)
Hibernate: 
    insert 
    into
        seats
        (booking_id, lock_expires_at, locked_by_user_id, row_label, seat_code, seat_number, seat_type, showtime_id, status, version, id) 
    values
        (?, ?, ?, ?, ?, ?, ?, ?, ?, ?, default)
Hibernate: 
    insert 
    into
        seats
        (booking_id, lock_expires_at, locked_by_user_id, row_label, seat_code, seat_number, seat_type, showtime_id, status, version, id) 
    values
        (?, ?, ?, ?, ?, ?, ?, ?, ?, ?, default)
Hibernate: 
    insert 
    into
        seats
        (booking_id, lock_expires_at, locked_by_user_id, row_label, seat_code, seat_number, seat_type, showtime_id, status, version, id) 
    values
        (?, ?, ?, ?, ?, ?, ?, ?, ?, ?, default)
Hibernate: 
    insert 
    into
        seats
        (booking_id, lock_expires_at, locked_by_user_id, row_label, seat_code, seat_number, seat_type, showtime_id, status, version, id) 
    values
        (?, ?, ?, ?, ?, ?, ?, ?, ?, ?, default)
Hibernate: 
    insert 
    into
        seats
        (booking_id, lock_expires_at, locked_by_user_id, row_label, seat_code, seat_number, seat_type, showtime_id, status, version, id) 
    values
        (?, ?, ?, ?, ?, ?, ?, ?, ?, ?, default)
Hibernate: 
    insert 
    into
        seats
        (booking_id, lock_expires_at, locked_by_user_id, row_label, seat_code, seat_number, seat_type, showtime_id, status, version, id) 
    values
        (?, ?, ?, ?, ?, ?, ?, ?, ?, ?, default)
Hibernate: 
    insert 
    into
        seats
        (booking_id, lock_expires_at, locked_by_user_id, row_label, seat_code, seat_number, seat_type, showtime_id, status, version, id) 
    values
        (?, ?, ?, ?, ?, ?, ?, ?, ?, ?, default)
Hibernate: 
    insert 
    into
        seats
        (booking_id, lock_expires_at, locked_by_user_id, row_label, seat_code, seat_number, seat_type, showtime_id, status, version, id) 
    values
        (?, ?, ?, ?, ?, ?, ?, ?, ?, ?, default)
Hibernate: 
    insert 
    into
        seats
        (booking_id, lock_expires_at, locked_by_user_id, row_label, seat_code, seat_number, seat_type, showtime_id, status, version, id) 
    values
        (?, ?, ?, ?, ?, ?, ?, ?, ?, ?, default)
Hibernate: 
    insert 
    into
        seats
        (booking_id, lock_expires_at, locked_by_user_id, row_label, seat_code, seat_number, seat_type, showtime_id, status, version, id) 
    values
        (?, ?, ?, ?, ?, ?, ?, ?, ?, ?, default)
Hibernate: 
    insert 
    into
        seats
        (booking_id, lock_expires_at, locked_by_user_id, row_label, seat_code, seat_number, seat_type, showtime_id, status, version, id) 
    values
        (?, ?, ?, ?, ?, ?, ?, ?, ?, ?, default)
Hibernate: 
    insert 
    into
        seats
        (booking_id, lock_expires_at, locked_by_user_id, row_label, seat_code, seat_number, seat_type, showtime_id, status, version, id) 
    values
        (?, ?, ?, ?, ?, ?, ?, ?, ?, ?, default)
Hibernate: 
    insert 
    into
        seats
        (booking_id, lock_expires_at, locked_by_user_id, row_label, seat_code, seat_number, seat_type, showtime_id, status, version, id) 
    values
        (?, ?, ?, ?, ?, ?, ?, ?, ?, ?, default)
Hibernate: 
    insert 
    into
        seats
        (booking_id, lock_expires_at, locked_by_user_id, row_label, seat_code, seat_number, seat_type, showtime_id, status, version, id) 
    values
        (?, ?, ?, ?, ?, ?, ?, ?, ?, ?, default)
Hibernate: 
    insert 
    into
        seats
        (booking_id, lock_expires_at, locked_by_user_id, row_label, seat_code, seat_number, seat_type, showtime_id, status, version, id) 
    values
        (?, ?, ?, ?, ?, ?, ?, ?, ?, ?, default)
Hibernate: 
    insert 
    into
        seats
        (booking_id, lock_expires_at, locked_by_user_id, row_label, seat_code, seat_number, seat_type, showtime_id, status, version, id) 
    values
        (?, ?, ?, ?, ?, ?, ?, ?, ?, ?, default)
Hibernate: 
    insert 
    into
        seats
        (booking_id, lock_expires_at, locked_by_user_id, row_label, seat_code, seat_number, seat_type, showtime_id, status, version, id) 
    values
        (?, ?, ?, ?, ?, ?, ?, ?, ?, ?, default)
Hibernate: 
    insert 
    into
        seats
        (booking_id, lock_expires_at, locked_by_user_id, row_label, seat_code, seat_number, seat_type, showtime_id, status, version, id) 
    values
        (?, ?, ?, ?, ?, ?, ?, ?, ?, ?, default)
Hibernate: 
    insert 
    into
        seats
        (booking_id, lock_expires_at, locked_by_user_id, row_label, seat_code, seat_number, seat_type, showtime_id, status, version, id) 
    values
        (?, ?, ?, ?, ?, ?, ?, ?, ?, ?, default)
Hibernate: 
    insert 
    into
        seats
        (booking_id, lock_expires_at, locked_by_user_id, row_label, seat_code, seat_number, seat_type, showtime_id, status, version, id) 
    values
        (?, ?, ?, ?, ?, ?, ?, ?, ?, ?, default)
Hibernate: 
    insert 
    into
        seats
        (booking_id, lock_expires_at, locked_by_user_id, row_label, seat_code, seat_number, seat_type, showtime_id, status, version, id) 
    values
        (?, ?, ?, ?, ?, ?, ?, ?, ?, ?, default)
Hibernate: 
    insert 
    into
        seats
        (booking_id, lock_expires_at, locked_by_user_id, row_label, seat_code, seat_number, seat_type, showtime_id, status, version, id) 
    values
        (?, ?, ?, ?, ?, ?, ?, ?, ?, ?, default)
Hibernate: 
    insert 
    into
        seats
        (booking_id, lock_expires_at, locked_by_user_id, row_label, seat_code, seat_number, seat_type, showtime_id, status, version, id) 
    values
        (?, ?, ?, ?, ?, ?, ?, ?, ?, ?, default)
Hibernate: 
    insert 
    into
        seats
        (booking_id, lock_expires_at, locked_by_user_id, row_label, seat_code, seat_number, seat_type, showtime_id, status, version, id) 
    values
        (?, ?, ?, ?, ?, ?, ?, ?, ?, ?, default)
Hibernate: 
    insert 
    into
        seats
        (booking_id, lock_expires_at, locked_by_user_id, row_label, seat_code, seat_number, seat_type, showtime_id, status, version, id) 
    values
        (?, ?, ?, ?, ?, ?, ?, ?, ?, ?, default)
Hibernate: 
    insert 
    into
        seats
        (booking_id, lock_expires_at, locked_by_user_id, row_label, seat_code, seat_number, seat_type, showtime_id, status, version, id) 
    values
        (?, ?, ?, ?, ?, ?, ?, ?, ?, ?, default)
Hibernate: 
    insert 
    into
        seats
        (booking_id, lock_expires_at, locked_by_user_id, row_label, seat_code, seat_number, seat_type, showtime_id, status, version, id) 
    values
        (?, ?, ?, ?, ?, ?, ?, ?, ?, ?, default)
Hibernate: 
    insert 
    into
        seats
        (booking_id, lock_expires_at, locked_by_user_id, row_label, seat_code, seat_number, seat_type, showtime_id, status, version, id) 
    values
        (?, ?, ?, ?, ?, ?, ?, ?, ?, ?, default)
Hibernate: 
    insert 
    into
        seats
        (booking_id, lock_expires_at, locked_by_user_id, row_label, seat_code, seat_number, seat_type, showtime_id, status, version, id) 
    values
        (?, ?, ?, ?, ?, ?, ?, ?, ?, ?, default)
Hibernate: 
    insert 
    into
        seats
        (booking_id, lock_expires_at, locked_by_user_id, row_label, seat_code, seat_number, seat_type, showtime_id, status, version, id) 
    values
        (?, ?, ?, ?, ?, ?, ?, ?, ?, ?, default)
Hibernate: 
    insert 
    into
        seats
        (booking_id, lock_expires_at, locked_by_user_id, row_label, seat_code, seat_number, seat_type, showtime_id, status, version, id) 
    values
        (?, ?, ?, ?, ?, ?, ?, ?, ?, ?, default)
Hibernate: 
    insert 
    into
        seats
        (booking_id, lock_expires_at, locked_by_user_id, row_label, seat_code, seat_number, seat_type, showtime_id, status, version, id) 
    values
        (?, ?, ?, ?, ?, ?, ?, ?, ?, ?, default)
Hibernate: 
    insert 
    into
        seats
        (booking_id, lock_expires_at, locked_by_user_id, row_label, seat_code, seat_number, seat_type, showtime_id, status, version, id) 
    values
        (?, ?, ?, ?, ?, ?, ?, ?, ?, ?, default)
Hibernate: 
    insert 
    into
        seats
        (booking_id, lock_expires_at, locked_by_user_id, row_label, seat_code, seat_number, seat_type, showtime_id, status, version, id) 
    values
        (?, ?, ?, ?, ?, ?, ?, ?, ?, ?, default)
Hibernate: 
    insert 
    into
        seats
        (booking_id, lock_expires_at, locked_by_user_id, row_label, seat_code, seat_number, seat_type, showtime_id, status, version, id) 
    values
        (?, ?, ?, ?, ?, ?, ?, ?, ?, ?, default)
Hibernate: 
    insert 
    into
        seats
        (booking_id, lock_expires_at, locked_by_user_id, row_label, seat_code, seat_number, seat_type, showtime_id, status, version, id) 
    values
        (?, ?, ?, ?, ?, ?, ?, ?, ?, ?, default)
Hibernate: 
    select
        count(s1_0.id) 
    from
        seats s1_0 
    where
        s1_0.showtime_id=? 
        and s1_0.status='AVAILABLE'
Hibernate: 
    select
        m1_0.id,
        m1_0.active,
        m1_0.description,
        m1_0.duration_minutes,
        m1_0.format,
        m1_0.genre,
        m1_0.imdb_rating,
        m1_0.language,
        m1_0.poster_emoji,
        m1_0.rating,
        m1_0.title 
    from
        movies m1_0 
    where
        m1_0.id=?
Hibernate: 
    select
        h1_0.id,
        h1_0.active,
        h1_0.name,
        h1_0.seats_per_row,
        h1_0.total_capacity,
        h1_0.total_rows,
        h1_0.type 
    from
        halls h1_0 
    where
        h1_0.id=?
Hibernate: 
    insert 
    into
        showtimes
        (active, hall_id, movie_id, premium_price, show_date_time, standard_price, id) 
    values
        (?, ?, ?, ?, ?, ?, default)
Hibernate: 
    insert 
    into
        seats
        (booking_id, lock_expires_at, locked_by_user_id, row_label, seat_code, seat_number, seat_type, showtime_id, status, version, id) 
    values
        (?, ?, ?, ?, ?, ?, ?, ?, ?, ?, default)
Hibernate: 
    insert 
    into
        seats
        (booking_id, lock_expires_at, locked_by_user_id, row_label, seat_code, seat_number, seat_type, showtime_id, status, version, id) 
    values
        (?, ?, ?, ?, ?, ?, ?, ?, ?, ?, default)
Hibernate: 
    insert 
    into
        seats
        (booking_id, lock_expires_at, locked_by_user_id, row_label, seat_code, seat_number, seat_type, showtime_id, status, version, id) 
    values
        (?, ?, ?, ?, ?, ?, ?, ?, ?, ?, default)
Hibernate: 
    insert 
    into
        seats
        (booking_id, lock_expires_at, locked_by_user_id, row_label, seat_code, seat_number, seat_type, showtime_id, status, version, id) 
    values
        (?, ?, ?, ?, ?, ?, ?, ?, ?, ?, default)
Hibernate: 
    insert 
    into
        seats
        (booking_id, lock_expires_at, locked_by_user_id, row_label, seat_code, seat_number, seat_type, showtime_id, status, version, id) 
    values
        (?, ?, ?, ?, ?, ?, ?, ?, ?, ?, default)
Hibernate: 
    insert 
    into
        seats
        (booking_id, lock_expires_at, locked_by_user_id, row_label, seat_code, seat_number, seat_type, showtime_id, status, version, id) 
    values
        (?, ?, ?, ?, ?, ?, ?, ?, ?, ?, default)
Hibernate: 
    insert 
    into
        seats
        (booking_id, lock_expires_at, locked_by_user_id, row_label, seat_code, seat_number, seat_type, showtime_id, status, version, id) 
    values
        (?, ?, ?, ?, ?, ?, ?, ?, ?, ?, default)
Hibernate: 
    insert 
    into
        seats
        (booking_id, lock_expires_at, locked_by_user_id, row_label, seat_code, seat_number, seat_type, showtime_id, status, version, id) 
    values
        (?, ?, ?, ?, ?, ?, ?, ?, ?, ?, default)
Hibernate: 
    insert 
    into
        seats
        (booking_id, lock_expires_at, locked_by_user_id, row_label, seat_code, seat_number, seat_type, showtime_id, status, version, id) 
    values
        (?, ?, ?, ?, ?, ?, ?, ?, ?, ?, default)
Hibernate: 
    insert 
    into
        seats
        (booking_id, lock_expires_at, locked_by_user_id, row_label, seat_code, seat_number, seat_type, showtime_id, status, version, id) 
    values
        (?, ?, ?, ?, ?, ?, ?, ?, ?, ?, default)
Hibernate: 
    insert 
    into
        seats
        (booking_id, lock_expires_at, locked_by_user_id, row_label, seat_code, seat_number, seat_type, showtime_id, status, version, id) 
    values
        (?, ?, ?, ?, ?, ?, ?, ?, ?, ?, default)
Hibernate: 
    insert 
    into
        seats
        (booking_id, lock_expires_at, locked_by_user_id, row_label, seat_code, seat_number, seat_type, showtime_id, status, version, id) 
    values
        (?, ?, ?, ?, ?, ?, ?, ?, ?, ?, default)
Hibernate: 
    insert 
    into
        seats
        (booking_id, lock_expires_at, locked_by_user_id, row_label, seat_code, seat_number, seat_type, showtime_id, status, version, id) 
    values
        (?, ?, ?, ?, ?, ?, ?, ?, ?, ?, default)
Hibernate: 
    insert 
    into
        seats
        (booking_id, lock_expires_at, locked_by_user_id, row_label, seat_code, seat_number, seat_type, showtime_id, status, version, id) 
    values
        (?, ?, ?, ?, ?, ?, ?, ?, ?, ?, default)
Hibernate: 
    insert 
    into
        seats
        (booking_id, lock_expires_at, locked_by_user_id, row_label, seat_code, seat_number, seat_type, showtime_id, status, version, id) 
    values
        (?, ?, ?, ?, ?, ?, ?, ?, ?, ?, default)
Hibernate: 
    insert 
    into
        seats
        (booking_id, lock_expires_at, locked_by_user_id, row_label, seat_code, seat_number, seat_type, showtime_id, status, version, id) 
    values
        (?, ?, ?, ?, ?, ?, ?, ?, ?, ?, default)
Hibernate: 
    insert 
    into
        seats
        (booking_id, lock_expires_at, locked_by_user_id, row_label, seat_code, seat_number, seat_type, showtime_id, status, version, id) 
    values
        (?, ?, ?, ?, ?, ?, ?, ?, ?, ?, default)
Hibernate: 
    insert 
    into
        seats
        (booking_id, lock_expires_at, locked_by_user_id, row_label, seat_code, seat_number, seat_type, showtime_id, status, version, id) 
    values
        (?, ?, ?, ?, ?, ?, ?, ?, ?, ?, default)
Hibernate: 
    insert 
    into
        seats
        (booking_id, lock_expires_at, locked_by_user_id, row_label, seat_code, seat_number, seat_type, showtime_id, status, version, id) 
    values
        (?, ?, ?, ?, ?, ?, ?, ?, ?, ?, default)
Hibernate: 
    insert 
    into
        seats
        (booking_id, lock_expires_at, locked_by_user_id, row_label, seat_code, seat_number, seat_type, showtime_id, status, version, id) 
    values
        (?, ?, ?, ?, ?, ?, ?, ?, ?, ?, default)
Hibernate: 
    insert 
    into
        seats
        (booking_id, lock_expires_at, locked_by_user_id, row_label, seat_code, seat_number, seat_type, showtime_id, status, version, id) 
    values
        (?, ?, ?, ?, ?, ?, ?, ?, ?, ?, default)
Hibernate: 
    insert 
    into
        seats
        (booking_id, lock_expires_at, locked_by_user_id, row_label, seat_code, seat_number, seat_type, showtime_id, status, version, id) 
    values
        (?, ?, ?, ?, ?, ?, ?, ?, ?, ?, default)
Hibernate: 
    insert 
    into
        seats
        (booking_id, lock_expires_at, locked_by_user_id, row_label, seat_code, seat_number, seat_type, showtime_id, status, version, id) 
    values
        (?, ?, ?, ?, ?, ?, ?, ?, ?, ?, default)
Hibernate: 
    insert 
    into
        seats
        (booking_id, lock_expires_at, locked_by_user_id, row_label, seat_code, seat_number, seat_type, showtime_id, status, version, id) 
    values
[...]
    values
        (?, ?, ?, ?, ?, ?, ?, ?, ?, ?, default)
Hibernate: 
    insert 
    into
        seats
        (booking_id, lock_expires_at, locked_by_user_id, row_label, seat_code, seat_number, seat_type, showtime_id, status, version, id) 
    values
        (?, ?, ?, ?, ?, ?, ?, ?, ?, ?, default)
Hibernate: 
    insert 
    into
        seats
        (booking_id, lock_expires_at, locked_by_user_id, row_label, seat_code, seat_number, seat_type, showtime_id, status, version, id) 
    values
        (?, ?, ?, ?, ?, ?, ?, ?, ?, ?, default)
Hibernate: 
    insert 
    into
        seats
        (booking_id, lock_expires_at, locked_by_user_id, row_label, seat_code, seat_number, seat_type, showtime_id, status, version, id) 
    values
        (?, ?, ?, ?, ?, ?, ?, ?, ?, ?, default)
Hibernate: 
    insert 
    into
        seats
        (booking_id, lock_expires_at, locked_by_user_id, row_label, seat_code, seat_number, seat_type, showtime_id, status, version, id) 
    values
        (?, ?, ?, ?, ?, ?, ?, ?, ?, ?, default)
Hibernate: 
    insert 
    into
        seats
        (booking_id, lock_expires_at, locked_by_user_id, row_label, seat_code, seat_number, seat_type, showtime_id, status, version, id) 
    values
        (?, ?, ?, ?, ?, ?, ?, ?, ?, ?, default)
Hibernate: 
    insert 
    into
        seats
        (booking_id, lock_expires_at, locked_by_user_id, row_label, seat_code, seat_number, seat_type, showtime_id, status, version, id) 
    values
        (?, ?, ?, ?, ?, ?, ?, ?, ?, ?, default)
Hibernate: 
    insert 
    into
        seats
        (booking_id, lock_expires_at, locked_by_user_id, row_label, seat_code, seat_number, seat_type, showtime_id, status, version, id) 
    values
        (?, ?, ?, ?, ?, ?, ?, ?, ?, ?, default)
Hibernate: 
    insert 
    into
        seats
        (booking_id, lock_expires_at, locked_by_user_id, row_label, seat_code, seat_number, seat_type, showtime_id, status, version, id) 
    values
        (?, ?, ?, ?, ?, ?, ?, ?, ?, ?, default)
Hibernate: 
    insert 
    into
        seats
        (booking_id, lock_expires_at, locked_by_user_id, row_label, seat_code, seat_number, seat_type, showtime_id, status, version, id) 
    values
        (?, ?, ?, ?, ?, ?, ?, ?, ?, ?, default)
Hibernate: 
    insert 
    into
        seats
        (booking_id, lock_expires_at, locked_by_user_id, row_label, seat_code, seat_number, seat_type, showtime_id, status, version, id) 
    values
        (?, ?, ?, ?, ?, ?, ?, ?, ?, ?, default)
Hibernate: 
    insert 
    into
        seats
        (booking_id, lock_expires_at, locked_by_user_id, row_label, seat_code, seat_number, seat_type, showtime_id, status, version, id) 
    values
        (?, ?, ?, ?, ?, ?, ?, ?, ?, ?, default)
Hibernate: 
    insert 
    into
        seats
        (booking_id, lock_expires_at, locked_by_user_id, row_label, seat_code, seat_number, seat_type, showtime_id, status, version, id) 
    values
        (?, ?, ?, ?, ?, ?, ?, ?, ?, ?, default)
Hibernate: 
    insert 
    into
        seats
        (booking_id, lock_expires_at, locked_by_user_id, row_label, seat_code, seat_number, seat_type, showtime_id, status, version, id) 
    values
        (?, ?, ?, ?, ?, ?, ?, ?, ?, ?, default)
Hibernate: 
    insert 
    into
        seats
        (booking_id, lock_expires_at, locked_by_user_id, row_label, seat_code, seat_number, seat_type, showtime_id, status, version, id) 
    values
        (?, ?, ?, ?, ?, ?, ?, ?, ?, ?, default)
Hibernate: 
    insert 
    into
        seats
        (booking_id, lock_expires_at, locked_by_user_id, row_label, seat_code, seat_number, seat_type, showtime_id, status, version, id) 
    values
        (?, ?, ?, ?, ?, ?, ?, ?, ?, ?, default)
Hibernate: 
    insert 
    into
        seats
        (booking_id, lock_expires_at, locked_by_user_id, row_label, seat_code, seat_number, seat_type, showtime_id, status, version, id) 
    values
        (?, ?, ?, ?, ?, ?, ?, ?, ?, ?, default)
Hibernate: 
    insert 
    into
        seats
        (booking_id, lock_expires_at, locked_by_user_id, row_label, seat_code, seat_number, seat_type, showtime_id, status, version, id) 
    values
        (?, ?, ?, ?, ?, ?, ?, ?, ?, ?, default)
Hibernate: 
    insert 
    into
        seats
        (booking_id, lock_expires_at, locked_by_user_id, row_label, seat_code, seat_number, seat_type, showtime_id, status, version, id) 
    values
        (?, ?, ?, ?, ?, ?, ?, ?, ?, ?, default)
Hibernate: 
    insert 
    into
        seats
        (booking_id, lock_expires_at, locked_by_user_id, row_label, seat_code, seat_number, seat_type, showtime_id, status, version, id) 
    values
        (?, ?, ?, ?, ?, ?, ?, ?, ?, ?, default)
Hibernate: 
    insert 
    into
        seats
        (booking_id, lock_expires_at, locked_by_user_id, row_label, seat_code, seat_number, seat_type, showtime_id, status, version, id) 
    values
        (?, ?, ?, ?, ?, ?, ?, ?, ?, ?, default)
Hibernate: 
    insert 
    into
        seats
        (booking_id, lock_expires_at, locked_by_user_id, row_label, seat_code, seat_number, seat_type, showtime_id, status, version, id) 
    values
        (?, ?, ?, ?, ?, ?, ?, ?, ?, ?, default)
Hibernate: 
    insert 
    into
        seats
        (booking_id, lock_expires_at, locked_by_user_id, row_label, seat_code, seat_number, seat_type, showtime_id, status, version, id) 
    values
        (?, ?, ?, ?, ?, ?, ?, ?, ?, ?, default)
Hibernate: 
    insert 
    into
        seats
        (booking_id, lock_expires_at, locked_by_user_id, row_label, seat_code, seat_number, seat_type, showtime_id, status, version, id) 
    values
        (?, ?, ?, ?, ?, ?, ?, ?, ?, ?, default)
Hibernate: 
    insert 
    into
        seats
        (booking_id, lock_expires_at, locked_by_user_id, row_label, seat_code, seat_number, seat_type, showtime_id, status, version, id) 
    values
        (?, ?, ?, ?, ?, ?, ?, ?, ?, ?, default)
Hibernate: 
    insert 
    into
        seats
        (booking_id, lock_expires_at, locked_by_user_id, row_label, seat_code, seat_number, seat_type, showtime_id, status, version, id) 
    values
        (?, ?, ?, ?, ?, ?, ?, ?, ?, ?, default)
Hibernate: 
    insert 
    into
        seats
        (booking_id, lock_expires_at, locked_by_user_id, row_label, seat_code, seat_number, seat_type, showtime_id, status, version, id) 
    values
        (?, ?, ?, ?, ?, ?, ?, ?, ?, ?, default)
Hibernate: 
    insert 
    into
        seats
        (booking_id, lock_expires_at, locked_by_user_id, row_label, seat_code, seat_number, seat_type, showtime_id, status, version, id) 
    values
        (?, ?, ?, ?, ?, ?, ?, ?, ?, ?, default)
Hibernate: 
    insert 
    into
        seats
        (booking_id, lock_expires_at, locked_by_user_id, row_label, seat_code, seat_number, seat_type, showtime_id, status, version, id) 
    values
        (?, ?, ?, ?, ?, ?, ?, ?, ?, ?, default)
Hibernate: 
    insert 
    into
        seats
        (booking_id, lock_expires_at, locked_by_user_id, row_label, seat_code, seat_number, seat_type, showtime_id, status, version, id) 
    values
        (?, ?, ?, ?, ?, ?, ?, ?, ?, ?, default)
Hibernate: 
    insert 
    into
        seats
        (booking_id, lock_expires_at, locked_by_user_id, row_label, seat_code, seat_number, seat_type, showtime_id, status, version, id) 
    values
        (?, ?, ?, ?, ?, ?, ?, ?, ?, ?, default)
Hibernate: 
    insert 
    into
        seats
        (booking_id, lock_expires_at, locked_by_user_id, row_label, seat_code, seat_number, seat_type, showtime_id, status, version, id) 
    values
        (?, ?, ?, ?, ?, ?, ?, ?, ?, ?, default)
Hibernate: 
    insert 
    into
        seats
        (booking_id, lock_expires_at, locked_by_user_id, row_label, seat_code, seat_number, seat_type, showtime_id, status, version, id) 
    values
        (?, ?, ?, ?, ?, ?, ?, ?, ?, ?, default)
Hibernate: 
    insert 
    into
        seats
        (booking_id, lock_expires_at, locked_by_user_id, row_label, seat_code, seat_number, seat_type, showtime_id, status, version, id) 
    values
        (?, ?, ?, ?, ?, ?, ?, ?, ?, ?, default)
Hibernate: 
    insert 
    into
        seats
        (booking_id, lock_expires_at, locked_by_user_id, row_label, seat_code, seat_number, seat_type, showtime_id, status, version, id) 
    values
        (?, ?, ?, ?, ?, ?, ?, ?, ?, ?, default)
Hibernate: 
    insert 
    into
        seats
        (booking_id, lock_expires_at, locked_by_user_id, row_label, seat_code, seat_number, seat_type, showtime_id, status, version, id) 
    values
        (?, ?, ?, ?, ?, ?, ?, ?, ?, ?, default)
Hibernate: 
    insert 
    into
        seats
        (booking_id, lock_expires_at, locked_by_user_id, row_label, seat_code, seat_number, seat_type, showtime_id, status, version, id) 
    values
        (?, ?, ?, ?, ?, ?, ?, ?, ?, ?, default)
Hibernate: 
    insert 
    into
        seats
        (booking_id, lock_expires_at, locked_by_user_id, row_label, seat_code, seat_number, seat_type, showtime_id, status, version, id) 
    values
        (?, ?, ?, ?, ?, ?, ?, ?, ?, ?, default)
Hibernate: 
    insert 
    into
        seats
        (booking_id, lock_expires_at, locked_by_user_id, row_label, seat_code, seat_number, seat_type, showtime_id, status, version, id) 
    values
        (?, ?, ?, ?, ?, ?, ?, ?, ?, ?, default)
Hibernate: 
    insert 
    into
        seats
        (booking_id, lock_expires_at, locked_by_user_id, row_label, seat_code, seat_number, seat_type, showtime_id, status, version, id) 
    values
        (?, ?, ?, ?, ?, ?, ?, ?, ?, ?, default)
Hibernate: 
    insert 
    into
        seats
        (booking_id, lock_expires_at, locked_by_user_id, row_label, seat_code, seat_number, seat_type, showtime_id, status, version, id) 
    values
        (?, ?, ?, ?, ?, ?, ?, ?, ?, ?, default)
Hibernate: 
    insert 
    into
        seats
        (booking_id, lock_expires_at, locked_by_user_id, row_label, seat_code, seat_number, seat_type, showtime_id, status, version, id) 
    values
        (?, ?, ?, ?, ?, ?, ?, ?, ?, ?, default)
Hibernate: 
    insert 
    into
        seats
        (booking_id, lock_expires_at, locked_by_user_id, row_label, seat_code, seat_number, seat_type, showtime_id, status, version, id) 
    values
        (?, ?, ?, ?, ?, ?, ?, ?, ?, ?, default)
Hibernate: 
    insert 
    into
        seats
        (booking_id, lock_expires_at, locked_by_user_id, row_label, seat_code, seat_number, seat_type, showtime_id, status, version, id) 
    values
        (?, ?, ?, ?, ?, ?, ?, ?, ?, ?, default)
Hibernate: 
    insert 
    into
        seats
        (booking_id, lock_expires_at, locked_by_user_id, row_label, seat_code, seat_number, seat_type, showtime_id, status, version, id) 
    values
        (?, ?, ?, ?, ?, ?, ?, ?, ?, ?, default)
Hibernate: 
    insert 
    into
        seats
        (booking_id, lock_expires_at, locked_by_user_id, row_label, seat_code, seat_number, seat_type, showtime_id, status, version, id) 
    values
        (?, ?, ?, ?, ?, ?, ?, ?, ?, ?, default)
Hibernate: 
    insert 
    into
        seats
        (booking_id, lock_expires_at, locked_by_user_id, row_label, seat_code, seat_number, seat_type, showtime_id, status, version, id) 
    values
        (?, ?, ?, ?, ?, ?, ?, ?, ?, ?, default)
Hibernate: 
    insert 
    into
        seats
        (booking_id, lock_expires_at, locked_by_user_id, row_label, seat_code, seat_number, seat_type, showtime_id, status, version, id) 
    values
        (?, ?, ?, ?, ?, ?, ?, ?, ?, ?, default)
Hibernate: 
    insert 
    into
        seats
        (booking_id, lock_expires_at, locked_by_user_id, row_label, seat_code, seat_number, seat_type, showtime_id, status, version, id) 
    values
        (?, ?, ?, ?, ?, ?, ?, ?, ?, ?, default)
Hibernate: 
    insert 
    into
        seats
        (booking_id, lock_expires_at, locked_by_user_id, row_label, seat_code, seat_number, seat_type, showtime_id, status, version, id) 
    values
        (?, ?, ?, ?, ?, ?, ?, ?, ?, ?, default)
Hibernate: 
    insert 
    into
        seats
        (booking_id, lock_expires_at, locked_by_user_id, row_label, seat_code, seat_number, seat_type, showtime_id, status, version, id) 
    values
        (?, ?, ?, ?, ?, ?, ?, ?, ?, ?, default)
Hibernate: 
    insert 
    into
        seats
        (booking_id, lock_expires_at, locked_by_user_id, row_label, seat_code, seat_number, seat_type, showtime_id, status, version, id) 
    values
        (?, ?, ?, ?, ?, ?, ?, ?, ?, ?, default)
Hibernate: 
    insert 
    into
        seats
        (booking_id, lock_expires_at, locked_by_user_id, row_label, seat_code, seat_number, seat_type, showtime_id, status, version, id) 
    values
        (?, ?, ?, ?, ?, ?, ?, ?, ?, ?, default)
Hibernate: 
    insert 
    into
        seats
        (booking_id, lock_expires_at, locked_by_user_id, row_label, seat_code, seat_number, seat_type, showtime_id, status, version, id) 
    values
        (?, ?, ?, ?, ?, ?, ?, ?, ?, ?, default)
Hibernate: 
    insert 
    into
        seats
        (booking_id, lock_expires_at, locked_by_user_id, row_label, seat_code, seat_number, seat_type, showtime_id, status, version, id) 
    values
        (?, ?, ?, ?, ?, ?, ?, ?, ?, ?, default)
Hibernate: 
    insert 
    into
        seats
        (booking_id, lock_expires_at, locked_by_user_id, row_label, seat_code, seat_number, seat_type, showtime_id, status, version, id) 
    values
        (?, ?, ?, ?, ?, ?, ?, ?, ?, ?, default)
Hibernate: 
    insert 
    into
        seats
        (booking_id, lock_expires_at, locked_by_user_id, row_label, seat_code, seat_number, seat_type, showtime_id, status, version, id) 
    values
        (?, ?, ?, ?, ?, ?, ?, ?, ?, ?, default)
Hibernate: 
    insert 
    into
        seats
        (booking_id, lock_expires_at, locked_by_user_id, row_label, seat_code, seat_number, seat_type, showtime_id, status, version, id) 
    values
        (?, ?, ?, ?, ?, ?, ?, ?, ?, ?, default)
Hibernate: 
    insert 
    into
        seats
        (booking_id, lock_expires_at, locked_by_user_id, row_label, seat_code, seat_number, seat_type, showtime_id, status, version, id) 
    values
        (?, ?, ?, ?, ?, ?, ?, ?, ?, ?, default)
Hibernate: 
    insert 
    into
        seats
        (booking_id, lock_expires_at, locked_by_user_id, row_label, seat_code, seat_number, seat_type, showtime_id, status, version, id) 
    values
        (?, ?, ?, ?, ?, ?, ?, ?, ?, ?, default)
Hibernate: 
    insert 
    into
        seats
        (booking_id, lock_expires_at, locked_by_user_id, row_label, seat_code, seat_number, seat_type, showtime_id, status, version, id) 
    values
        (?, ?, ?, ?, ?, ?, ?, ?, ?, ?, default)
Hibernate: 
    insert 
    into
        seats
        (booking_id, lock_expires_at, locked_by_user_id, row_label, seat_code, seat_number, seat_type, showtime_id, status, version, id) 
    values
        (?, ?, ?, ?, ?, ?, ?, ?, ?, ?, default)
Hibernate: 
    insert 
    into
        seats
        (booking_id, lock_expires_at, locked_by_user_id, row_label, seat_code, seat_number, seat_type, showtime_id, status, version, id) 
    values
        (?, ?, ?, ?, ?, ?, ?, ?, ?, ?, default)
Hibernate: 
    insert 
    into
        seats
        (booking_id, lock_expires_at, locked_by_user_id, row_label, seat_code, seat_number, seat_type, showtime_id, status, version, id) 
    values
        (?, ?, ?, ?, ?, ?, ?, ?, ?, ?, default)
Hibernate: 
    insert 
    into
        seats
        (booking_id, lock_expires_at, locked_by_user_id, row_label, seat_code, seat_number, seat_type, showtime_id, status, version, id) 
    values
        (?, ?, ?, ?, ?, ?, ?, ?, ?, ?, default)
Hibernate: 
    insert 
    into
        seats
        (booking_id, lock_expires_at, locked_by_user_id, row_label, seat_code, seat_number, seat_type, showtime_id, status, version, id) 
    values
        (?, ?, ?, ?, ?, ?, ?, ?, ?, ?, default)
Hibernate: 
    insert 
    into
        seats
        (booking_id, lock_expires_at, locked_by_user_id, row_label, seat_code, seat_number, seat_type, showtime_id, status, version, id) 
    values
        (?, ?, ?, ?, ?, ?, ?, ?, ?, ?, default)
Hibernate: 
    insert 
    into
        seats
        (booking_id, lock_expires_at, locked_by_user_id, row_label, seat_code, seat_number, seat_type, showtime_id, status, version, id) 
    values
        (?, ?, ?, ?, ?, ?, ?, ?, ?, ?, default)
Hibernate: 
    insert 
    into
        seats
        (booking_id, lock_expires_at, locked_by_user_id, row_label, seat_code, seat_number, seat_type, showtime_id, status, version, id) 
    values
        (?, ?, ?, ?, ?, ?, ?, ?, ?, ?, default)
Hibernate: 
    insert 
    into
        seats
        (booking_id, lock_expires_at, locked_by_user_id, row_label, seat_code, seat_number, seat_type, showtime_id, status, version, id) 
    values
        (?, ?, ?, ?, ?, ?, ?, ?, ?, ?, default)
Hibernate: 
    insert 
    into
        seats
        (booking_id, lock_expires_at, locked_by_user_id, row_label, seat_code, seat_number, seat_type, showtime_id, status, version, id) 
    values
        (?, ?, ?, ?, ?, ?, ?, ?, ?, ?, default)
Hibernate: 
    insert 
    into
        seats
        (booking_id, lock_expires_at, locked_by_user_id, row_label, seat_code, seat_number, seat_type, showtime_id, status, version, id) 
    values
        (?, ?, ?, ?, ?, ?, ?, ?, ?, ?, default)
Hibernate: 
    insert 
    into
        seats
        (booking_id, lock_expires_at, locked_by_user_id, row_label, seat_code, seat_number, seat_type, showtime_id, status, version, id) 
    values
        (?, ?, ?, ?, ?, ?, ?, ?, ?, ?, default)
Hibernate: 
    insert 
    into
        seats
        (booking_id, lock_expires_at, locked_by_user_id, row_label, seat_code, seat_number, seat_type, showtime_id, status, version, id) 
    values
        (?, ?, ?, ?, ?, ?, ?, ?, ?, ?, default)
Hibernate: 
    insert 
    into
        seats
        (booking_id, lock_expires_at, locked_by_user_id, row_label, seat_code, seat_number, seat_type, showtime_id, status, version, id) 
    values
        (?, ?, ?, ?, ?, ?, ?, ?, ?, ?, default)
Hibernate: 
    insert 
    into
        seats
        (booking_id, lock_expires_at, locked_by_user_id, row_label, seat_code, seat_number, seat_type, showtime_id, status, version, id) 
    values
        (?, ?, ?, ?, ?, ?, ?, ?, ?, ?, default)
Hibernate: 
    insert 
    into
        seats
        (booking_id, lock_expires_at, locked_by_user_id, row_label, seat_code, seat_number, seat_type, showtime_id, status, version, id) 
    values
        (?, ?, ?, ?, ?, ?, ?, ?, ?, ?, default)
Hibernate: 
    insert 
    into
        seats
        (booking_id, lock_expires_at, locked_by_user_id, row_label, seat_code, seat_number, seat_type, showtime_id, status, version, id) 
    values
        (?, ?, ?, ?, ?, ?, ?, ?, ?, ?, default)
Hibernate: 
    select
        count(s1_0.id) 
    from
        seats s1_0 
    where
        s1_0.showtime_id=? 
        and s1_0.status='AVAILABLE'
2026-04-16T00:24:47.966+05:30  INFO 49364 --- [           main] com.cinebook.config.DataSeeder           : Database seeded successfully!
2026-04-16T00:24:47.966+05:30  INFO 49364 --- [           main] com.cinebook.config.DataSeeder           : Admin login: admin@cinebook.com / admin123
2026-04-16T00:24:47.966+05:30  INFO 49364 --- [           main] com.cinebook.config.DataSeeder           : User login:  user@cinebook.com  / user123
]]></system-out>
    <system-err><![CDATA[WARNING: A Java agent has been loaded dynamically (C:\Users\91823\.m2\repository\net\bytebuddy\byte-buddy-agent\1.14.10\byte-buddy-agent-1.14.10.jar)
WARNING: If a serviceability tool is in use, please run with -XX:+EnableDynamicAgentLoading to hide this warning
WARNING: If a serviceability tool is not in use, please run with -Djdk.instrument.traceUsage for more information
WARNING: Dynamic loading of agents will be disallowed by default in a future release
]]></system-err>
  </testcase>
</testsuite>